生成启动时间为 2015/8/22 22:04:00。
     1>项目“D:\zfc\source\IpcManage\IpcManage\IpcManageClient\IpcManageClient.vcxproj”在节点 2 上(build 个目标)。
     1>InitializeBuildStatus:
         正在创建“Debug\IpcManageClient.unsuccessfulbuild”，因为已指定“AlwaysCreate”。
       ClCompile:
         C:\Program Files\Microsoft Visual Studio 10.0\VC\bin\CL.exe /c /I..\..\thirdParty\boost_1_55_0_vs2010 /I"..\..\rpc\gen-cpp" /I..\..\thirdParty\thrift_0.9.2_vs2010\include /ZI /nologo /W3 /WX- /Od /Oy- /D _MBCS /Gm /EHsc /RTC1 /MTd /GS /fp:precise /Zc:wchar_t /Zc:forScope /Fo"Debug\\" /Fd"Debug\vc100.pdb" /Gd /TP /analyze- /errorReport:prompt "..\..\rpc\gen-cpp\IpcManageServer.cpp" "..\..\rpc\gen-cpp\IpcManageServer_constants.cpp" "..\..\rpc\gen-cpp\IpcManageServer_types.cpp" "..\..\rpc\gen-cpp\OperateStruct_constants.cpp" "..\..\rpc\gen-cpp\OperateStruct_types.cpp" "..\..\rpc\gen-cpp\ReturnStruct_constants.cpp" "..\..\rpc\gen-cpp\ReturnStruct_types.cpp" client.cpp
         client.cpp
         ReturnStruct_types.cpp
         ReturnStruct_constants.cpp
         OperateStruct_types.cpp
         OperateStruct_constants.cpp
         IpcManageServer_types.cpp
         IpcManageServer_constants.cpp
         IpcManageServer.cpp
         正在生成代码...
       Link:
         C:\Program Files\Microsoft Visual Studio 10.0\VC\bin\link.exe /ERRORREPORT:PROMPT /OUT:"D:\zfc\source\IpcManage\IpcManage\Debug\IpcManageClient.exe" /NOLOGO /LIBPATH:..\..\thirdParty\thrift_0.9.2_vs2010\lib_debug /LIBPATH:..\..\thirdParty\boost_1_55_0_vs2010\lib kernel32.lib user32.lib gdi32.lib winspool.lib comdlg32.lib advapi32.lib shell32.lib ole32.lib oleaut32.lib uuid.lib odbc32.lib odbccp32.lib /MANIFEST /ManifestFile:"Debug\IpcManageClient.exe.intermediate.manifest" /MANIFESTUAC:"level='asInvoker' uiAccess='false'" /DEBUG /PDB:"D:\zfc\source\IpcManage\IpcManage\Debug\IpcManageClient.pdb" /TLBID:1 /DYNAMICBASE /NXCOMPAT /IMPLIB:"D:\zfc\source\IpcManage\IpcManage\Debug\IpcManageClient.lib" /MACHINE:X86 Debug\IpcManageServer.obj
         Debug\IpcManageServer_constants.obj
         Debug\IpcManageServer_types.obj
         Debug\OperateStruct_constants.obj
         Debug\OperateStruct_types.obj
         Debug\ReturnStruct_constants.obj
         Debug\ReturnStruct_types.obj
         Debug\client.obj
     1>libthrift.lib(TApplicationException.obj) : warning LNK4099: 未找到 PDB“libthrift.pdb”(使用“libthrift.lib(TApplicationException.obj)”或在“D:\zfc\source\IpcManage\IpcManage\Debug\libthrift.pdb”中寻找)；正在链接对象，如同没有调试信息一样
     1>libthrift.lib(Thrift.obj) : warning LNK4099: 未找到 PDB“libthrift.pdb”(使用“libthrift.lib(Thrift.obj)”或在“D:\zfc\source\IpcManage\IpcManage\Debug\libthrift.pdb”中寻找)；正在链接对象，如同没有调试信息一样
     1>libthrift.lib(TBufferTransports.obj) : warning LNK4099: 未找到 PDB“libthrift.pdb”(使用“libthrift.lib(TBufferTransports.obj)”或在“D:\zfc\source\IpcManage\IpcManage\Debug\libthrift.pdb”中寻找)；正在链接对象，如同没有调试信息一样
     1>libthrift.lib(TSocket.obj) : warning LNK4099: 未找到 PDB“libthrift.pdb”(使用“libthrift.lib(TSocket.obj)”或在“D:\zfc\source\IpcManage\IpcManage\Debug\libthrift.pdb”中寻找)；正在链接对象，如同没有调试信息一样
     1>libthrift.lib(TTransportException.obj) : warning LNK4099: 未找到 PDB“libthrift.pdb”(使用“libthrift.lib(TTransportException.obj)”或在“D:\zfc\source\IpcManage\IpcManage\Debug\libthrift.pdb”中寻找)；正在链接对象，如同没有调试信息一样
     1>libthrift.lib(GetTimeOfDay.obj) : warning LNK4099: 未找到 PDB“libthrift.pdb”(使用“libthrift.lib(GetTimeOfDay.obj)”或在“D:\zfc\source\IpcManage\IpcManage\Debug\libthrift.pdb”中寻找)；正在链接对象，如同没有调试信息一样
     1>libthrift.lib(TWinsockSingleton.obj) : warning LNK4099: 未找到 PDB“libthrift.pdb”(使用“libthrift.lib(TWinsockSingleton.obj)”或在“D:\zfc\source\IpcManage\IpcManage\Debug\libthrift.pdb”中寻找)；正在链接对象，如同没有调试信息一样
     1>libthrift.lib(WinFcntl.obj) : warning LNK4099: 未找到 PDB“libthrift.pdb”(使用“libthrift.lib(WinFcntl.obj)”或在“D:\zfc\source\IpcManage\IpcManage\Debug\libthrift.pdb”中寻找)；正在链接对象，如同没有调试信息一样
         IpcManageClient.vcxproj -> D:\zfc\source\IpcManage\IpcManage\Debug\IpcManageClient.exe
       Manifest:
         C:\Program Files\Microsoft SDKs\Windows\v7.0A\bin\mt.exe /nologo /verbose /outputresource:"D:\zfc\source\IpcManage\IpcManage\Debug\IpcManageClient.exe;#1" /manifest Debug\IpcManageClient.exe.intermediate.manifest
       FinalizeBuildStatus:
         正在删除文件“Debug\IpcManageClient.unsuccessfulbuild”。
         正在对“Debug\IpcManageClient.lastbuildstate”执行 Touch 任务。
     1>已完成生成项目“D:\zfc\source\IpcManage\IpcManage\IpcManageClient\IpcManageClient.vcxproj”(build 个目标)的操作。

生成成功。

已用时间 00:00:45.49
