F:\GITHUB\IPCMANAGE\IPCMANAGE\DEBUG\IPCMANAGECLIENT.EXE
F:\GITHUB\IPCMANAGE\IPCMANAGE\DEBUG\IPCMANAGECLIENT.ILK
F:\GITHUB\IPCMANAGE\IPCMANAGE\DEBUG\IPCMANAGECLIENT.PDB
F:\github\IpcManage\IpcManage\IpcManageClient\Debug\cl.command.1.tlog
F:\github\IpcManage\IpcManage\IpcManageClient\Debug\CL.read.1.tlog
F:\github\IpcManage\IpcManage\IpcManageClient\Debug\CL.write.1.tlog
F:\GITHUB\IPCMANAGE\IPCMANAGE\IPCMANAGECLIENT\DEBUG\CLIENT.OBJ
F:\GITHUB\IPCMANAGE\IPCMANAGE\IPCMANAGECLIENT\DEBUG\IPCMANAGECLIENT.EXE.INTERMEDIATE.MANIFEST
F:\github\IpcManage\IpcManage\IpcManageClient\Debug\IpcManageClient.write.1.tlog
F:\GITHUB\IPCMANAGE\IPCMANAGE\IPCMANAGECLIENT\DEBUG\IPCMANAGESERVER.OBJ
F:\GITHUB\IPCMANAGE\IPCMANAGE\IPCMANAGECLIENT\DEBUG\IPCMANAGESERVER_CONSTANTS.OBJ
F:\GITHUB\IPCMANAGE\IPCMANAGE\IPCMANAGECLIENT\DEBUG\IPCMANAGESERVER_TYPES.OBJ
F:\github\IpcManage\IpcManage\IpcManageClient\Debug\link.command.1.tlog
F:\github\IpcManage\IpcManage\IpcManageClient\Debug\link.read.1.tlog
F:\github\IpcManage\IpcManage\IpcManageClient\Debug\link.read.2.tlog
F:\github\IpcManage\IpcManage\IpcManageClient\Debug\link.write.1.tlog
F:\github\IpcManage\IpcManage\IpcManageClient\Debug\mt.command.1.tlog
F:\github\IpcManage\IpcManage\IpcManageClient\Debug\mt.read.1.tlog
F:\github\IpcManage\IpcManage\IpcManageClient\Debug\mt.write.1.tlog
F:\GITHUB\IPCMANAGE\IPCMANAGE\IPCMANAGECLIENT\DEBUG\OPERATESTRUCT_CONSTANTS.OBJ
F:\GITHUB\IPCMANAGE\IPCMANAGE\IPCMANAGECLIENT\DEBUG\OPERATESTRUCT_TYPES.OBJ
F:\GITHUB\IPCMANAGE\IPCMANAGE\IPCMANAGECLIENT\DEBUG\RETURNSTRUCT_CONSTANTS.OBJ
F:\GITHUB\IPCMANAGE\IPCMANAGE\IPCMANAGECLIENT\DEBUG\RETURNSTRUCT_TYPES.OBJ
F:\github\IpcManage\IpcManage\IpcManageClient\Debug\vc100.idb
F:\GITHUB\IPCMANAGE\IPCMANAGE\IPCMANAGECLIENT\DEBUG\VC100.PDB
