D:\ZFC\SOURCE\IPCMANAGE\IPCMANAGE\DEBUG\IPCMANAGE.EXE
D:\ZFC\SOURCE\IPCMANAGE\IPCMANAGE\DEBUG\IPCMANAGE.ILK
D:\ZFC\SOURCE\IPCMANAGE\IPCMANAGE\DEBUG\IPCMANAGE.PDB
D:\zfc\source\IpcManage\IpcManage\IpcManage\Debug\cl.command.1.tlog
D:\zfc\source\IpcManage\IpcManage\IpcManage\Debug\CL.read.1.tlog
D:\zfc\source\IpcManage\IpcManage\IpcManage\Debug\CL.write.1.tlog
D:\ZFC\SOURCE\IPCMANAGE\IPCMANAGE\IPCMANAGE\DEBUG\IPCMANAGE.EXE.INTERMEDIATE.MANIFEST
D:\zfc\source\IpcManage\IpcManage\IpcManage\Debug\IpcManage.vcxprojResolveAssemblyReference.cache
D:\zfc\source\IpcManage\IpcManage\IpcManage\Debug\IpcManage.write.1.tlog
D:\ZFC\SOURCE\IPCMANAGE\IPCMANAGE\IPCMANAGE\DEBUG\IPCMANAGESERVER.OBJ
D:\ZFC\SOURCE\IPCMANAGE\IPCMANAGE\IPCMANAGE\DEBUG\IPCMANAGESERVER_CONSTANTS.OBJ
D:\ZFC\SOURCE\IPCMANAGE\IPCMANAGE\IPCMANAGE\DEBUG\IPCMANAGESERVER_SERVER.OBJ
D:\ZFC\SOURCE\IPCMANAGE\IPCMANAGE\IPCMANAGE\DEBUG\IPCMANAGESERVER_TYPES.OBJ
D:\ZFC\SOURCE\IPCMANAGE\IPCMANAGE\IPCMANAGE\DEBUG\IPCMANAGESERVERHANDLER.OBJ
D:\ZFC\SOURCE\IPCMANAGE\IPCMANAGE\IPCMANAGE\DEBUG\IPCMANAGETOOLS.OBJ
D:\zfc\source\IpcManage\IpcManage\IpcManage\Debug\link.command.1.tlog
D:\zfc\source\IpcManage\IpcManage\IpcManage\Debug\link.read.1.tlog
D:\zfc\source\IpcManage\IpcManage\IpcManage\Debug\link.read.2.tlog
D:\zfc\source\IpcManage\IpcManage\IpcManage\Debug\link.write.1.tlog
D:\zfc\source\IpcManage\IpcManage\IpcManage\Debug\mt.command.1.tlog
D:\zfc\source\IpcManage\IpcManage\IpcManage\Debug\mt.read.1.tlog
D:\zfc\source\IpcManage\IpcManage\IpcManage\Debug\mt.write.1.tlog
D:\ZFC\SOURCE\IPCMANAGE\IPCMANAGE\IPCMANAGE\DEBUG\OPERATESTRUCT_CONSTANTS.OBJ
D:\ZFC\SOURCE\IPCMANAGE\IPCMANAGE\IPCMANAGE\DEBUG\OPERATESTRUCT_TYPES.OBJ
D:\ZFC\SOURCE\IPCMANAGE\IPCMANAGE\IPCMANAGE\DEBUG\RETURNSTRUCT_CONSTANTS.OBJ
D:\ZFC\SOURCE\IPCMANAGE\IPCMANAGE\IPCMANAGE\DEBUG\RETURNSTRUCT_TYPES.OBJ
D:\zfc\source\IpcManage\IpcManage\IpcManage\Debug\vc100.idb
D:\ZFC\SOURCE\IPCMANAGE\IPCMANAGE\IPCMANAGE\DEBUG\VC100.PDB
