生成启动时间为 2015/8/31 22:54:08。
     1>项目“D:\zfc\source\IpcManage\IpcManage\IpcManage\IpcManage.vcxproj”在节点 2 上(build 个目标)。
     1>InitializeBuildStatus:
         正在创建“Debug\IpcManage.unsuccessfulbuild”，因为已指定“AlwaysCreate”。
       ClCompile:
         C:\Program Files\Microsoft Visual Studio 10.0\VC\bin\CL.exe /c /I..\..\thirdParty\boost_1_55_0_vs2010 /I..\..\thirdParty\thrift_0.9.2_vs2010\include /ZI /nologo /W3 /WX- /Od /Oy- /D _MBCS /Gm /EHsc /RTC1 /MTd /GS /fp:precise /Zc:wchar_t /Zc:forScope /Fo"Debug\\" /Fd"Debug\vc100.pdb" /Gd /TP /analyze- /errorReport:prompt "..\..\rpc\gen-cpp\IpcManageTools.cpp"
         IpcManageTools.cpp
       Link:
         C:\Program Files\Microsoft Visual Studio 10.0\VC\bin\link.exe /ERRORREPORT:PROMPT /OUT:"D:\zfc\source\IpcManage\IpcManage\Debug\IpcManage.exe" /NOLOGO /LIBPATH:..\..\thirdParty\thrift_0.9.2_vs2010\lib_debug /LIBPATH:..\..\thirdParty\boost_1_55_0_vs2010\lib\ /LIBPATH:"..\..\thirdParty\openssl-1.0.1m-vs2010\lib" libthrift.lib libeay32MTd.lib ssleay32MTd.lib kernel32.lib user32.lib gdi32.lib winspool.lib comdlg32.lib advapi32.lib shell32.lib ole32.lib oleaut32.lib uuid.lib odbc32.lib odbccp32.lib /MANIFEST /ManifestFile:"Debug\IpcManage.exe.intermediate.manifest" /MANIFESTUAC:"level='asInvoker' uiAccess='false'" /DEBUG /PDB:"D:\zfc\source\IpcManage\IpcManage\Debug\IpcManage.pdb" /TLBID:1 /DYNAMICBASE /NXCOMPAT /IMPLIB:"D:\zfc\source\IpcManage\IpcManage\Debug\IpcManage.lib" /MACHINE:X86 Debug\IpcManageServer.obj
         Debug\IpcManageServerHandler.obj
         Debug\IpcManageServer_constants.obj
         Debug\IpcManageServer_server.obj
         Debug\IpcManageServer_types.obj
         Debug\IpcManageTools.obj
         Debug\OperateStruct_constants.obj
         Debug\OperateStruct_types.obj
         Debug\ReturnStruct_constants.obj
         Debug\ReturnStruct_types.obj
         LINK : 没有找到 D:\zfc\source\IpcManage\IpcManage\Debug\IpcManage.exe 或上一个增量链接没有生成它；正在执行完全链接
     1>libthrift.lib(BoostMonitor.obj) : warning LNK4099: 未找到 PDB“libthrift.pdb”(使用“libthrift.lib(BoostMonitor.obj)”或在“D:\zfc\source\IpcManage\IpcManage\Debug\libthrift.pdb”中寻找)；正在链接对象，如同没有调试信息一样
     1>libthrift.lib(BoostMutex.obj) : warning LNK4099: 未找到 PDB“libthrift.pdb”(使用“libthrift.lib(BoostMutex.obj)”或在“D:\zfc\source\IpcManage\IpcManage\Debug\libthrift.pdb”中寻找)；正在链接对象，如同没有调试信息一样
     1>libthrift.lib(BoostThreadFactory.obj) : warning LNK4099: 未找到 PDB“libthrift.pdb”(使用“libthrift.lib(BoostThreadFactory.obj)”或在“D:\zfc\source\IpcManage\IpcManage\Debug\libthrift.pdb”中寻找)；正在链接对象，如同没有调试信息一样
     1>libthrift.lib(Util.obj) : warning LNK4099: 未找到 PDB“libthrift.pdb”(使用“libthrift.lib(Util.obj)”或在“D:\zfc\source\IpcManage\IpcManage\Debug\libthrift.pdb”中寻找)；正在链接对象，如同没有调试信息一样
     1>libthrift.lib(TThreadedServer.obj) : warning LNK4099: 未找到 PDB“libthrift.pdb”(使用“libthrift.lib(TThreadedServer.obj)”或在“D:\zfc\source\IpcManage\IpcManage\Debug\libthrift.pdb”中寻找)；正在链接对象，如同没有调试信息一样
     1>libthrift.lib(TApplicationException.obj) : warning LNK4099: 未找到 PDB“libthrift.pdb”(使用“libthrift.lib(TApplicationException.obj)”或在“D:\zfc\source\IpcManage\IpcManage\Debug\libthrift.pdb”中寻找)；正在链接对象，如同没有调试信息一样
     1>libthrift.lib(Thrift.obj) : warning LNK4099: 未找到 PDB“libthrift.pdb”(使用“libthrift.lib(Thrift.obj)”或在“D:\zfc\source\IpcManage\IpcManage\Debug\libthrift.pdb”中寻找)；正在链接对象，如同没有调试信息一样
     1>libthrift.lib(TBufferTransports.obj) : warning LNK4099: 未找到 PDB“libthrift.pdb”(使用“libthrift.lib(TBufferTransports.obj)”或在“D:\zfc\source\IpcManage\IpcManage\Debug\libthrift.pdb”中寻找)；正在链接对象，如同没有调试信息一样
     1>libthrift.lib(TServerSocket.obj) : warning LNK4099: 未找到 PDB“libthrift.pdb”(使用“libthrift.lib(TServerSocket.obj)”或在“D:\zfc\source\IpcManage\IpcManage\Debug\libthrift.pdb”中寻找)；正在链接对象，如同没有调试信息一样
     1>libthrift.lib(TSocket.obj) : warning LNK4099: 未找到 PDB“libthrift.pdb”(使用“libthrift.lib(TSocket.obj)”或在“D:\zfc\source\IpcManage\IpcManage\Debug\libthrift.pdb”中寻找)；正在链接对象，如同没有调试信息一样
     1>libthrift.lib(TSSLSocket.obj) : warning LNK4099: 未找到 PDB“libthrift.pdb”(使用“libthrift.lib(TSSLSocket.obj)”或在“D:\zfc\source\IpcManage\IpcManage\Debug\libthrift.pdb”中寻找)；正在链接对象，如同没有调试信息一样
     1>libthrift.lib(TTransportException.obj) : warning LNK4099: 未找到 PDB“libthrift.pdb”(使用“libthrift.lib(TTransportException.obj)”或在“D:\zfc\source\IpcManage\IpcManage\Debug\libthrift.pdb”中寻找)；正在链接对象，如同没有调试信息一样
     1>libthrift.lib(GetTimeOfDay.obj) : warning LNK4099: 未找到 PDB“libthrift.pdb”(使用“libthrift.lib(GetTimeOfDay.obj)”或在“D:\zfc\source\IpcManage\IpcManage\Debug\libthrift.pdb”中寻找)；正在链接对象，如同没有调试信息一样
     1>libthrift.lib(SocketPair.obj) : warning LNK4099: 未找到 PDB“libthrift.pdb”(使用“libthrift.lib(SocketPair.obj)”或在“D:\zfc\source\IpcManage\IpcManage\Debug\libthrift.pdb”中寻找)；正在链接对象，如同没有调试信息一样
     1>libthrift.lib(TWinsockSingleton.obj) : warning LNK4099: 未找到 PDB“libthrift.pdb”(使用“libthrift.lib(TWinsockSingleton.obj)”或在“D:\zfc\source\IpcManage\IpcManage\Debug\libthrift.pdb”中寻找)；正在链接对象，如同没有调试信息一样
     1>libthrift.lib(WinFcntl.obj) : warning LNK4099: 未找到 PDB“libthrift.pdb”(使用“libthrift.lib(WinFcntl.obj)”或在“D:\zfc\source\IpcManage\IpcManage\Debug\libthrift.pdb”中寻找)；正在链接对象，如同没有调试信息一样
     1>libeay32MTd.lib(cryptlib.obj) : warning LNK4099: 未找到 PDB“libmtd.pdb”(使用“libeay32MTd.lib(cryptlib.obj)”或在“D:\zfc\source\IpcManage\IpcManage\Debug\libmtd.pdb”中寻找)；正在链接对象，如同没有调试信息一样
     1>libeay32MTd.lib(mem.obj) : warning LNK4099: 未找到 PDB“libmtd.pdb”(使用“libeay32MTd.lib(mem.obj)”或在“D:\zfc\source\IpcManage\IpcManage\Debug\libmtd.pdb”中寻找)；正在链接对象，如同没有调试信息一样
     1>libeay32MTd.lib(mem_dbg.obj) : warning LNK4099: 未找到 PDB“libmtd.pdb”(使用“libeay32MTd.lib(mem_dbg.obj)”或在“D:\zfc\source\IpcManage\IpcManage\Debug\libmtd.pdb”中寻找)；正在链接对象，如同没有调试信息一样
     1>libeay32MTd.lib(ex_data.obj) : warning LNK4099: 未找到 PDB“libmtd.pdb”(使用“libeay32MTd.lib(ex_data.obj)”或在“D:\zfc\source\IpcManage\IpcManage\Debug\libmtd.pdb”中寻找)；正在链接对象，如同没有调试信息一样
     1>libeay32MTd.lib(cpt_err.obj) : warning LNK4099: 未找到 PDB“libmtd.pdb”(使用“libeay32MTd.lib(cpt_err.obj)”或在“D:\zfc\source\IpcManage\IpcManage\Debug\libmtd.pdb”中寻找)；正在链接对象，如同没有调试信息一样
     1>libeay32MTd.lib(o_time.obj) : warning LNK4099: 未找到 PDB“libmtd.pdb”(使用“libeay32MTd.lib(o_time.obj)”或在“D:\zfc\source\IpcManage\IpcManage\Debug\libmtd.pdb”中寻找)；正在链接对象，如同没有调试信息一样
     1>libeay32MTd.lib(o_dir.obj) : warning LNK4099: 未找到 PDB“libmtd.pdb”(使用“libeay32MTd.lib(o_dir.obj)”或在“D:\zfc\source\IpcManage\IpcManage\Debug\libmtd.pdb”中寻找)；正在链接对象，如同没有调试信息一样
     1>libeay32MTd.lib(o_init.obj) : warning LNK4099: 未找到 PDB“libmtd.pdb”(使用“libeay32MTd.lib(o_init.obj)”或在“D:\zfc\source\IpcManage\IpcManage\Debug\libmtd.pdb”中寻找)；正在链接对象，如同没有调试信息一样
     1>libeay32MTd.lib(mem_clr.obj) : warning LNK4099: 未找到 PDB“libmtd.pdb”(使用“libeay32MTd.lib(mem_clr.obj)”或在“D:\zfc\source\IpcManage\IpcManage\Debug\libmtd.pdb”中寻找)；正在链接对象，如同没有调试信息一样
     1>libeay32MTd.lib(md5_dgst.obj) : warning LNK4099: 未找到 PDB“libmtd.pdb”(使用“libeay32MTd.lib(md5_dgst.obj)”或在“D:\zfc\source\IpcManage\IpcManage\Debug\libmtd.pdb”中寻找)；正在链接对象，如同没有调试信息一样
     1>libeay32MTd.lib(sha1dgst.obj) : warning LNK4099: 未找到 PDB“libmtd.pdb”(使用“libeay32MTd.lib(sha1dgst.obj)”或在“D:\zfc\source\IpcManage\IpcManage\Debug\libmtd.pdb”中寻找)；正在链接对象，如同没有调试信息一样
     1>libeay32MTd.lib(sha256.obj) : warning LNK4099: 未找到 PDB“libmtd.pdb”(使用“libeay32MTd.lib(sha256.obj)”或在“D:\zfc\source\IpcManage\IpcManage\Debug\libmtd.pdb”中寻找)；正在链接对象，如同没有调试信息一样
     1>libeay32MTd.lib(sha512.obj) : warning LNK4099: 未找到 PDB“libmtd.pdb”(使用“libeay32MTd.lib(sha512.obj)”或在“D:\zfc\source\IpcManage\IpcManage\Debug\libmtd.pdb”中寻找)；正在链接对象，如同没有调试信息一样
     1>libeay32MTd.lib(hmac.obj) : warning LNK4099: 未找到 PDB“libmtd.pdb”(使用“libeay32MTd.lib(hmac.obj)”或在“D:\zfc\source\IpcManage\IpcManage\Debug\libmtd.pdb”中寻找)；正在链接对象，如同没有调试信息一样
     1>libeay32MTd.lib(hm_ameth.obj) : warning LNK4099: 未找到 PDB“libmtd.pdb”(使用“libeay32MTd.lib(hm_ameth.obj)”或在“D:\zfc\source\IpcManage\IpcManage\Debug\libmtd.pdb”中寻找)；正在链接对象，如同没有调试信息一样
     1>libeay32MTd.lib(hm_pmeth.obj) : warning LNK4099: 未找到 PDB“libmtd.pdb”(使用“libeay32MTd.lib(hm_pmeth.obj)”或在“D:\zfc\source\IpcManage\IpcManage\Debug\libmtd.pdb”中寻找)；正在链接对象，如同没有调试信息一样
     1>libeay32MTd.lib(cmac.obj) : warning LNK4099: 未找到 PDB“libmtd.pdb”(使用“libeay32MTd.lib(cmac.obj)”或在“D:\zfc\source\IpcManage\IpcManage\Debug\libmtd.pdb”中寻找)；正在链接对象，如同没有调试信息一样
     1>libeay32MTd.lib(cm_ameth.obj) : warning LNK4099: 未找到 PDB“libmtd.pdb”(使用“libeay32MTd.lib(cm_ameth.obj)”或在“D:\zfc\source\IpcManage\IpcManage\Debug\libmtd.pdb”中寻找)；正在链接对象，如同没有调试信息一样
     1>libeay32MTd.lib(cm_pmeth.obj) : warning LNK4099: 未找到 PDB“libmtd.pdb”(使用“libeay32MTd.lib(cm_pmeth.obj)”或在“D:\zfc\source\IpcManage\IpcManage\Debug\libmtd.pdb”中寻找)；正在链接对象，如同没有调试信息一样
     1>libeay32MTd.lib(set_key.obj) : warning LNK4099: 未找到 PDB“libmtd.pdb”(使用“libeay32MTd.lib(set_key.obj)”或在“D:\zfc\source\IpcManage\IpcManage\Debug\libmtd.pdb”中寻找)；正在链接对象，如同没有调试信息一样
     1>libeay32MTd.lib(ecb_enc.obj) : warning LNK4099: 未找到 PDB“libmtd.pdb”(使用“libeay32MTd.lib(ecb_enc.obj)”或在“D:\zfc\source\IpcManage\IpcManage\Debug\libmtd.pdb”中寻找)；正在链接对象，如同没有调试信息一样
     1>libeay32MTd.lib(ecb3_enc.obj) : warning LNK4099: 未找到 PDB“libmtd.pdb”(使用“libeay32MTd.lib(ecb3_enc.obj)”或在“D:\zfc\source\IpcManage\IpcManage\Debug\libmtd.pdb”中寻找)；正在链接对象，如同没有调试信息一样
     1>libeay32MTd.lib(cfb64enc.obj) : warning LNK4099: 未找到 PDB“libmtd.pdb”(使用“libeay32MTd.lib(cfb64enc.obj)”或在“D:\zfc\source\IpcManage\IpcManage\Debug\libmtd.pdb”中寻找)；正在链接对象，如同没有调试信息一样
     1>libeay32MTd.lib(cfb64ede.obj) : warning LNK4099: 未找到 PDB“libmtd.pdb”(使用“libeay32MTd.lib(cfb64ede.obj)”或在“D:\zfc\source\IpcManage\IpcManage\Debug\libmtd.pdb”中寻找)；正在链接对象，如同没有调试信息一样
     1>libeay32MTd.lib(cfb_enc.obj) : warning LNK4099: 未找到 PDB“libmtd.pdb”(使用“libeay32MTd.lib(cfb_enc.obj)”或在“D:\zfc\source\IpcManage\IpcManage\Debug\libmtd.pdb”中寻找)；正在链接对象，如同没有调试信息一样
     1>libeay32MTd.lib(ofb64ede.obj) : warning LNK4099: 未找到 PDB“libmtd.pdb”(使用“libeay32MTd.lib(ofb64ede.obj)”或在“D:\zfc\source\IpcManage\IpcManage\Debug\libmtd.pdb”中寻找)；正在链接对象，如同没有调试信息一样
     1>libeay32MTd.lib(ofb64enc.obj) : warning LNK4099: 未找到 PDB“libmtd.pdb”(使用“libeay32MTd.lib(ofb64enc.obj)”或在“D:\zfc\source\IpcManage\IpcManage\Debug\libmtd.pdb”中寻找)；正在链接对象，如同没有调试信息一样
     1>libeay32MTd.lib(des_enc.obj) : warning LNK4099: 未找到 PDB“libmtd.pdb”(使用“libeay32MTd.lib(des_enc.obj)”或在“D:\zfc\source\IpcManage\IpcManage\Debug\libmtd.pdb”中寻找)；正在链接对象，如同没有调试信息一样
     1>libeay32MTd.lib(rc2_ecb.obj) : warning LNK4099: 未找到 PDB“libmtd.pdb”(使用“libeay32MTd.lib(rc2_ecb.obj)”或在“D:\zfc\source\IpcManage\IpcManage\Debug\libmtd.pdb”中寻找)；正在链接对象，如同没有调试信息一样
     1>libeay32MTd.lib(rc2_skey.obj) : warning LNK4099: 未找到 PDB“libmtd.pdb”(使用“libeay32MTd.lib(rc2_skey.obj)”或在“D:\zfc\source\IpcManage\IpcManage\Debug\libmtd.pdb”中寻找)；正在链接对象，如同没有调试信息一样
     1>libeay32MTd.lib(rc2_cbc.obj) : warning LNK4099: 未找到 PDB“libmtd.pdb”(使用“libeay32MTd.lib(rc2_cbc.obj)”或在“D:\zfc\source\IpcManage\IpcManage\Debug\libmtd.pdb”中寻找)；正在链接对象，如同没有调试信息一样
     1>libeay32MTd.lib(rc2cfb64.obj) : warning LNK4099: 未找到 PDB“libmtd.pdb”(使用“libeay32MTd.lib(rc2cfb64.obj)”或在“D:\zfc\source\IpcManage\IpcManage\Debug\libmtd.pdb”中寻找)；正在链接对象，如同没有调试信息一样
     1>libeay32MTd.lib(rc2ofb64.obj) : warning LNK4099: 未找到 PDB“libmtd.pdb”(使用“libeay32MTd.lib(rc2ofb64.obj)”或在“D:\zfc\source\IpcManage\IpcManage\Debug\libmtd.pdb”中寻找)；正在链接对象，如同没有调试信息一样
     1>libeay32MTd.lib(rc4_enc.obj) : warning LNK4099: 未找到 PDB“libmtd.pdb”(使用“libeay32MTd.lib(rc4_enc.obj)”或在“D:\zfc\source\IpcManage\IpcManage\Debug\libmtd.pdb”中寻找)；正在链接对象，如同没有调试信息一样
     1>libeay32MTd.lib(rc4_skey.obj) : warning LNK4099: 未找到 PDB“libmtd.pdb”(使用“libeay32MTd.lib(rc4_skey.obj)”或在“D:\zfc\source\IpcManage\IpcManage\Debug\libmtd.pdb”中寻找)；正在链接对象，如同没有调试信息一样
     1>libeay32MTd.lib(rc4_utl.obj) : warning LNK4099: 未找到 PDB“libmtd.pdb”(使用“libeay32MTd.lib(rc4_utl.obj)”或在“D:\zfc\source\IpcManage\IpcManage\Debug\libmtd.pdb”中寻找)；正在链接对象，如同没有调试信息一样
     1>libeay32MTd.lib(i_cbc.obj) : warning LNK4099: 未找到 PDB“libmtd.pdb”(使用“libeay32MTd.lib(i_cbc.obj)”或在“D:\zfc\source\IpcManage\IpcManage\Debug\libmtd.pdb”中寻找)；正在链接对象，如同没有调试信息一样
     1>libeay32MTd.lib(i_cfb64.obj) : warning LNK4099: 未找到 PDB“libmtd.pdb”(使用“libeay32MTd.lib(i_cfb64.obj)”或在“D:\zfc\source\IpcManage\IpcManage\Debug\libmtd.pdb”中寻找)；正在链接对象，如同没有调试信息一样
     1>libeay32MTd.lib(i_ofb64.obj) : warning LNK4099: 未找到 PDB“libmtd.pdb”(使用“libeay32MTd.lib(i_ofb64.obj)”或在“D:\zfc\source\IpcManage\IpcManage\Debug\libmtd.pdb”中寻找)；正在链接对象，如同没有调试信息一样
     1>libeay32MTd.lib(i_ecb.obj) : warning LNK4099: 未找到 PDB“libmtd.pdb”(使用“libeay32MTd.lib(i_ecb.obj)”或在“D:\zfc\source\IpcManage\IpcManage\Debug\libmtd.pdb”中寻找)；正在链接对象，如同没有调试信息一样
     1>libeay32MTd.lib(i_skey.obj) : warning LNK4099: 未找到 PDB“libmtd.pdb”(使用“libeay32MTd.lib(i_skey.obj)”或在“D:\zfc\source\IpcManage\IpcManage\Debug\libmtd.pdb”中寻找)；正在链接对象，如同没有调试信息一样
     1>libeay32MTd.lib(aes_misc.obj) : warning LNK4099: 未找到 PDB“libmtd.pdb”(使用“libeay32MTd.lib(aes_misc.obj)”或在“D:\zfc\source\IpcManage\IpcManage\Debug\libmtd.pdb”中寻找)；正在链接对象，如同没有调试信息一样
     1>libeay32MTd.lib(aes_wrap.obj) : warning LNK4099: 未找到 PDB“libmtd.pdb”(使用“libeay32MTd.lib(aes_wrap.obj)”或在“D:\zfc\source\IpcManage\IpcManage\Debug\libmtd.pdb”中寻找)；正在链接对象，如同没有调试信息一样
     1>libeay32MTd.lib(aes_core.obj) : warning LNK4099: 未找到 PDB“libmtd.pdb”(使用“libeay32MTd.lib(aes_core.obj)”或在“D:\zfc\source\IpcManage\IpcManage\Debug\libmtd.pdb”中寻找)；正在链接对象，如同没有调试信息一样
     1>libeay32MTd.lib(aes_cbc.obj) : warning LNK4099: 未找到 PDB“libmtd.pdb”(使用“libeay32MTd.lib(aes_cbc.obj)”或在“D:\zfc\source\IpcManage\IpcManage\Debug\libmtd.pdb”中寻找)；正在链接对象，如同没有调试信息一样
     1>libeay32MTd.lib(cmll_ecb.obj) : warning LNK4099: 未找到 PDB“libmtd.pdb”(使用“libeay32MTd.lib(cmll_ecb.obj)”或在“D:\zfc\source\IpcManage\IpcManage\Debug\libmtd.pdb”中寻找)；正在链接对象，如同没有调试信息一样
     1>libeay32MTd.lib(cmll_ofb.obj) : warning LNK4099: 未找到 PDB“libmtd.pdb”(使用“libeay32MTd.lib(cmll_ofb.obj)”或在“D:\zfc\source\IpcManage\IpcManage\Debug\libmtd.pdb”中寻找)；正在链接对象，如同没有调试信息一样
     1>libeay32MTd.lib(cmll_cfb.obj) : warning LNK4099: 未找到 PDB“libmtd.pdb”(使用“libeay32MTd.lib(cmll_cfb.obj)”或在“D:\zfc\source\IpcManage\IpcManage\Debug\libmtd.pdb”中寻找)；正在链接对象，如同没有调试信息一样
     1>libeay32MTd.lib(cmll_utl.obj) : warning LNK4099: 未找到 PDB“libmtd.pdb”(使用“libeay32MTd.lib(cmll_utl.obj)”或在“D:\zfc\source\IpcManage\IpcManage\Debug\libmtd.pdb”中寻找)；正在链接对象，如同没有调试信息一样
     1>libeay32MTd.lib(camellia.obj) : warning LNK4099: 未找到 PDB“libmtd.pdb”(使用“libeay32MTd.lib(camellia.obj)”或在“D:\zfc\source\IpcManage\IpcManage\Debug\libmtd.pdb”中寻找)；正在链接对象，如同没有调试信息一样
     1>libeay32MTd.lib(cmll_misc.obj) : warning LNK4099: 未找到 PDB“libmtd.pdb”(使用“libeay32MTd.lib(cmll_misc.obj)”或在“D:\zfc\source\IpcManage\IpcManage\Debug\libmtd.pdb”中寻找)；正在链接对象，如同没有调试信息一样
     1>libeay32MTd.lib(cmll_cbc.obj) : warning LNK4099: 未找到 PDB“libmtd.pdb”(使用“libeay32MTd.lib(cmll_cbc.obj)”或在“D:\zfc\source\IpcManage\IpcManage\Debug\libmtd.pdb”中寻找)；正在链接对象，如同没有调试信息一样
     1>libeay32MTd.lib(seed.obj) : warning LNK4099: 未找到 PDB“libmtd.pdb”(使用“libeay32MTd.lib(seed.obj)”或在“D:\zfc\source\IpcManage\IpcManage\Debug\libmtd.pdb”中寻找)；正在链接对象，如同没有调试信息一样
     1>libeay32MTd.lib(seed_ecb.obj) : warning LNK4099: 未找到 PDB“libmtd.pdb”(使用“libeay32MTd.lib(seed_ecb.obj)”或在“D:\zfc\source\IpcManage\IpcManage\Debug\libmtd.pdb”中寻找)；正在链接对象，如同没有调试信息一样
     1>libeay32MTd.lib(seed_cbc.obj) : warning LNK4099: 未找到 PDB“libmtd.pdb”(使用“libeay32MTd.lib(seed_cbc.obj)”或在“D:\zfc\source\IpcManage\IpcManage\Debug\libmtd.pdb”中寻找)；正在链接对象，如同没有调试信息一样
     1>libeay32MTd.lib(seed_cfb.obj) : warning LNK4099: 未找到 PDB“libmtd.pdb”(使用“libeay32MTd.lib(seed_cfb.obj)”或在“D:\zfc\source\IpcManage\IpcManage\Debug\libmtd.pdb”中寻找)；正在链接对象，如同没有调试信息一样
     1>libeay32MTd.lib(seed_ofb.obj) : warning LNK4099: 未找到 PDB“libmtd.pdb”(使用“libeay32MTd.lib(seed_ofb.obj)”或在“D:\zfc\source\IpcManage\IpcManage\Debug\libmtd.pdb”中寻找)；正在链接对象，如同没有调试信息一样
     1>libeay32MTd.lib(cbc128.obj) : warning LNK4099: 未找到 PDB“libmtd.pdb”(使用“libeay32MTd.lib(cbc128.obj)”或在“D:\zfc\source\IpcManage\IpcManage\Debug\libmtd.pdb”中寻找)；正在链接对象，如同没有调试信息一样
     1>libeay32MTd.lib(ctr128.obj) : warning LNK4099: 未找到 PDB“libmtd.pdb”(使用“libeay32MTd.lib(ctr128.obj)”或在“D:\zfc\source\IpcManage\IpcManage\Debug\libmtd.pdb”中寻找)；正在链接对象，如同没有调试信息一样
     1>libeay32MTd.lib(cfb128.obj) : warning LNK4099: 未找到 PDB“libmtd.pdb”(使用“libeay32MTd.lib(cfb128.obj)”或在“D:\zfc\source\IpcManage\IpcManage\Debug\libmtd.pdb”中寻找)；正在链接对象，如同没有调试信息一样
     1>libeay32MTd.lib(ofb128.obj) : warning LNK4099: 未找到 PDB“libmtd.pdb”(使用“libeay32MTd.lib(ofb128.obj)”或在“D:\zfc\source\IpcManage\IpcManage\Debug\libmtd.pdb”中寻找)；正在链接对象，如同没有调试信息一样
     1>libeay32MTd.lib(gcm128.obj) : warning LNK4099: 未找到 PDB“libmtd.pdb”(使用“libeay32MTd.lib(gcm128.obj)”或在“D:\zfc\source\IpcManage\IpcManage\Debug\libmtd.pdb”中寻找)；正在链接对象，如同没有调试信息一样
     1>libeay32MTd.lib(ccm128.obj) : warning LNK4099: 未找到 PDB“libmtd.pdb”(使用“libeay32MTd.lib(ccm128.obj)”或在“D:\zfc\source\IpcManage\IpcManage\Debug\libmtd.pdb”中寻找)；正在链接对象，如同没有调试信息一样
     1>libeay32MTd.lib(xts128.obj) : warning LNK4099: 未找到 PDB“libmtd.pdb”(使用“libeay32MTd.lib(xts128.obj)”或在“D:\zfc\source\IpcManage\IpcManage\Debug\libmtd.pdb”中寻找)；正在链接对象，如同没有调试信息一样
     1>libeay32MTd.lib(bn_add.obj) : warning LNK4099: 未找到 PDB“libmtd.pdb”(使用“libeay32MTd.lib(bn_add.obj)”或在“D:\zfc\source\IpcManage\IpcManage\Debug\libmtd.pdb”中寻找)；正在链接对象，如同没有调试信息一样
     1>libeay32MTd.lib(bn_div.obj) : warning LNK4099: 未找到 PDB“libmtd.pdb”(使用“libeay32MTd.lib(bn_div.obj)”或在“D:\zfc\source\IpcManage\IpcManage\Debug\libmtd.pdb”中寻找)；正在链接对象，如同没有调试信息一样
     1>libeay32MTd.lib(bn_exp.obj) : warning LNK4099: 未找到 PDB“libmtd.pdb”(使用“libeay32MTd.lib(bn_exp.obj)”或在“D:\zfc\source\IpcManage\IpcManage\Debug\libmtd.pdb”中寻找)；正在链接对象，如同没有调试信息一样
     1>libeay32MTd.lib(bn_lib.obj) : warning LNK4099: 未找到 PDB“libmtd.pdb”(使用“libeay32MTd.lib(bn_lib.obj)”或在“D:\zfc\source\IpcManage\IpcManage\Debug\libmtd.pdb”中寻找)；正在链接对象，如同没有调试信息一样
     1>libeay32MTd.lib(bn_ctx.obj) : warning LNK4099: 未找到 PDB“libmtd.pdb”(使用“libeay32MTd.lib(bn_ctx.obj)”或在“D:\zfc\source\IpcManage\IpcManage\Debug\libmtd.pdb”中寻找)；正在链接对象，如同没有调试信息一样
     1>libeay32MTd.lib(bn_mul.obj) : warning LNK4099: 未找到 PDB“libmtd.pdb”(使用“libeay32MTd.lib(bn_mul.obj)”或在“D:\zfc\source\IpcManage\IpcManage\Debug\libmtd.pdb”中寻找)；正在链接对象，如同没有调试信息一样
     1>libeay32MTd.lib(bn_mod.obj) : warning LNK4099: 未找到 PDB“libmtd.pdb”(使用“libeay32MTd.lib(bn_mod.obj)”或在“D:\zfc\source\IpcManage\IpcManage\Debug\libmtd.pdb”中寻找)；正在链接对象，如同没有调试信息一样
     1>libeay32MTd.lib(bn_print.obj) : warning LNK4099: 未找到 PDB“libmtd.pdb”(使用“libeay32MTd.lib(bn_print.obj)”或在“D:\zfc\source\IpcManage\IpcManage\Debug\libmtd.pdb”中寻找)；正在链接对象，如同没有调试信息一样
     1>libeay32MTd.lib(bn_rand.obj) : warning LNK4099: 未找到 PDB“libmtd.pdb”(使用“libeay32MTd.lib(bn_rand.obj)”或在“D:\zfc\source\IpcManage\IpcManage\Debug\libmtd.pdb”中寻找)；正在链接对象，如同没有调试信息一样
     1>libeay32MTd.lib(bn_shift.obj) : warning LNK4099: 未找到 PDB“libmtd.pdb”(使用“libeay32MTd.lib(bn_shift.obj)”或在“D:\zfc\source\IpcManage\IpcManage\Debug\libmtd.pdb”中寻找)；正在链接对象，如同没有调试信息一样
     1>libeay32MTd.lib(bn_word.obj) : warning LNK4099: 未找到 PDB“libmtd.pdb”(使用“libeay32MTd.lib(bn_word.obj)”或在“D:\zfc\source\IpcManage\IpcManage\Debug\libmtd.pdb”中寻找)；正在链接对象，如同没有调试信息一样
     1>libeay32MTd.lib(bn_blind.obj) : warning LNK4099: 未找到 PDB“libmtd.pdb”(使用“libeay32MTd.lib(bn_blind.obj)”或在“D:\zfc\source\IpcManage\IpcManage\Debug\libmtd.pdb”中寻找)；正在链接对象，如同没有调试信息一样
     1>libeay32MTd.lib(bn_kron.obj) : warning LNK4099: 未找到 PDB“libmtd.pdb”(使用“libeay32MTd.lib(bn_kron.obj)”或在“D:\zfc\source\IpcManage\IpcManage\Debug\libmtd.pdb”中寻找)；正在链接对象，如同没有调试信息一样
     1>libeay32MTd.lib(bn_sqrt.obj) : warning LNK4099: 未找到 PDB“libmtd.pdb”(使用“libeay32MTd.lib(bn_sqrt.obj)”或在“D:\zfc\source\IpcManage\IpcManage\Debug\libmtd.pdb”中寻找)；正在链接对象，如同没有调试信息一样
     1>libeay32MTd.lib(bn_gcd.obj) : warning LNK4099: 未找到 PDB“libmtd.pdb”(使用“libeay32MTd.lib(bn_gcd.obj)”或在“D:\zfc\source\IpcManage\IpcManage\Debug\libmtd.pdb”中寻找)；正在链接对象，如同没有调试信息一样
     1>libeay32MTd.lib(bn_prime.obj) : warning LNK4099: 未找到 PDB“libmtd.pdb”(使用“libeay32MTd.lib(bn_prime.obj)”或在“D:\zfc\source\IpcManage\IpcManage\Debug\libmtd.pdb”中寻找)；正在链接对象，如同没有调试信息一样
     1>libeay32MTd.lib(bn_err.obj) : warning LNK4099: 未找到 PDB“libmtd.pdb”(使用“libeay32MTd.lib(bn_err.obj)”或在“D:\zfc\source\IpcManage\IpcManage\Debug\libmtd.pdb”中寻找)；正在链接对象，如同没有调试信息一样
     1>libeay32MTd.lib(bn_sqr.obj) : warning LNK4099: 未找到 PDB“libmtd.pdb”(使用“libeay32MTd.lib(bn_sqr.obj)”或在“D:\zfc\source\IpcManage\IpcManage\Debug\libmtd.pdb”中寻找)；正在链接对象，如同没有调试信息一样
     1>libeay32MTd.lib(bn_asm.obj) : warning LNK4099: 未找到 PDB“libmtd.pdb”(使用“libeay32MTd.lib(bn_asm.obj)”或在“D:\zfc\source\IpcManage\IpcManage\Debug\libmtd.pdb”中寻找)；正在链接对象，如同没有调试信息一样
     1>libeay32MTd.lib(bn_recp.obj) : warning LNK4099: 未找到 PDB“libmtd.pdb”(使用“libeay32MTd.lib(bn_recp.obj)”或在“D:\zfc\source\IpcManage\IpcManage\Debug\libmtd.pdb”中寻找)；正在链接对象，如同没有调试信息一样
     1>libeay32MTd.lib(bn_mont.obj) : warning LNK4099: 未找到 PDB“libmtd.pdb”(使用“libeay32MTd.lib(bn_mont.obj)”或在“D:\zfc\source\IpcManage\IpcManage\Debug\libmtd.pdb”中寻找)；正在链接对象，如同没有调试信息一样
     1>libeay32MTd.lib(bn_exp2.obj) : warning LNK4099: 未找到 PDB“libmtd.pdb”(使用“libeay32MTd.lib(bn_exp2.obj)”或在“D:\zfc\source\IpcManage\IpcManage\Debug\libmtd.pdb”中寻找)；正在链接对象，如同没有调试信息一样
     1>libeay32MTd.lib(bn_gf2m.obj) : warning LNK4099: 未找到 PDB“libmtd.pdb”(使用“libeay32MTd.lib(bn_gf2m.obj)”或在“D:\zfc\source\IpcManage\IpcManage\Debug\libmtd.pdb”中寻找)；正在链接对象，如同没有调试信息一样
     1>libeay32MTd.lib(bn_nist.obj) : warning LNK4099: 未找到 PDB“libmtd.pdb”(使用“libeay32MTd.lib(bn_nist.obj)”或在“D:\zfc\source\IpcManage\IpcManage\Debug\libmtd.pdb”中寻找)；正在链接对象，如同没有调试信息一样
     1>libeay32MTd.lib(rsa_eay.obj) : warning LNK4099: 未找到 PDB“libmtd.pdb”(使用“libeay32MTd.lib(rsa_eay.obj)”或在“D:\zfc\source\IpcManage\IpcManage\Debug\libmtd.pdb”中寻找)；正在链接对象，如同没有调试信息一样
     1>libeay32MTd.lib(rsa_gen.obj) : warning LNK4099: 未找到 PDB“libmtd.pdb”(使用“libeay32MTd.lib(rsa_gen.obj)”或在“D:\zfc\source\IpcManage\IpcManage\Debug\libmtd.pdb”中寻找)；正在链接对象，如同没有调试信息一样
     1>libeay32MTd.lib(rsa_lib.obj) : warning LNK4099: 未找到 PDB“libmtd.pdb”(使用“libeay32MTd.lib(rsa_lib.obj)”或在“D:\zfc\source\IpcManage\IpcManage\Debug\libmtd.pdb”中寻找)；正在链接对象，如同没有调试信息一样
     1>libeay32MTd.lib(rsa_sign.obj) : warning LNK4099: 未找到 PDB“libmtd.pdb”(使用“libeay32MTd.lib(rsa_sign.obj)”或在“D:\zfc\source\IpcManage\IpcManage\Debug\libmtd.pdb”中寻找)；正在链接对象，如同没有调试信息一样
     1>libeay32MTd.lib(rsa_saos.obj) : warning LNK4099: 未找到 PDB“libmtd.pdb”(使用“libeay32MTd.lib(rsa_saos.obj)”或在“D:\zfc\source\IpcManage\IpcManage\Debug\libmtd.pdb”中寻找)；正在链接对象，如同没有调试信息一样
     1>libeay32MTd.lib(rsa_err.obj) : warning LNK4099: 未找到 PDB“libmtd.pdb”(使用“libeay32MTd.lib(rsa_err.obj)”或在“D:\zfc\source\IpcManage\IpcManage\Debug\libmtd.pdb”中寻找)；正在链接对象，如同没有调试信息一样
     1>libeay32MTd.lib(rsa_pk1.obj) : warning LNK4099: 未找到 PDB“libmtd.pdb”(使用“libeay32MTd.lib(rsa_pk1.obj)”或在“D:\zfc\source\IpcManage\IpcManage\Debug\libmtd.pdb”中寻找)；正在链接对象，如同没有调试信息一样
     1>libeay32MTd.lib(rsa_ssl.obj) : warning LNK4099: 未找到 PDB“libmtd.pdb”(使用“libeay32MTd.lib(rsa_ssl.obj)”或在“D:\zfc\source\IpcManage\IpcManage\Debug\libmtd.pdb”中寻找)；正在链接对象，如同没有调试信息一样
     1>libeay32MTd.lib(rsa_none.obj) : warning LNK4099: 未找到 PDB“libmtd.pdb”(使用“libeay32MTd.lib(rsa_none.obj)”或在“D:\zfc\source\IpcManage\IpcManage\Debug\libmtd.pdb”中寻找)；正在链接对象，如同没有调试信息一样
     1>libeay32MTd.lib(rsa_oaep.obj) : warning LNK4099: 未找到 PDB“libmtd.pdb”(使用“libeay32MTd.lib(rsa_oaep.obj)”或在“D:\zfc\source\IpcManage\IpcManage\Debug\libmtd.pdb”中寻找)；正在链接对象，如同没有调试信息一样
     1>libeay32MTd.lib(rsa_pss.obj) : warning LNK4099: 未找到 PDB“libmtd.pdb”(使用“libeay32MTd.lib(rsa_pss.obj)”或在“D:\zfc\source\IpcManage\IpcManage\Debug\libmtd.pdb”中寻找)；正在链接对象，如同没有调试信息一样
     1>libeay32MTd.lib(rsa_x931.obj) : warning LNK4099: 未找到 PDB“libmtd.pdb”(使用“libeay32MTd.lib(rsa_x931.obj)”或在“D:\zfc\source\IpcManage\IpcManage\Debug\libmtd.pdb”中寻找)；正在链接对象，如同没有调试信息一样
     1>libeay32MTd.lib(rsa_asn1.obj) : warning LNK4099: 未找到 PDB“libmtd.pdb”(使用“libeay32MTd.lib(rsa_asn1.obj)”或在“D:\zfc\source\IpcManage\IpcManage\Debug\libmtd.pdb”中寻找)；正在链接对象，如同没有调试信息一样
     1>libeay32MTd.lib(rsa_ameth.obj) : warning LNK4099: 未找到 PDB“libmtd.pdb”(使用“libeay32MTd.lib(rsa_ameth.obj)”或在“D:\zfc\source\IpcManage\IpcManage\Debug\libmtd.pdb”中寻找)；正在链接对象，如同没有调试信息一样
     1>libeay32MTd.lib(rsa_pmeth.obj) : warning LNK4099: 未找到 PDB“libmtd.pdb”(使用“libeay32MTd.lib(rsa_pmeth.obj)”或在“D:\zfc\source\IpcManage\IpcManage\Debug\libmtd.pdb”中寻找)；正在链接对象，如同没有调试信息一样
     1>libeay32MTd.lib(rsa_crpt.obj) : warning LNK4099: 未找到 PDB“libmtd.pdb”(使用“libeay32MTd.lib(rsa_crpt.obj)”或在“D:\zfc\source\IpcManage\IpcManage\Debug\libmtd.pdb”中寻找)；正在链接对象，如同没有调试信息一样
     1>libeay32MTd.lib(dsa_gen.obj) : warning LNK4099: 未找到 PDB“libmtd.pdb”(使用“libeay32MTd.lib(dsa_gen.obj)”或在“D:\zfc\source\IpcManage\IpcManage\Debug\libmtd.pdb”中寻找)；正在链接对象，如同没有调试信息一样
     1>libeay32MTd.lib(dsa_key.obj) : warning LNK4099: 未找到 PDB“libmtd.pdb”(使用“libeay32MTd.lib(dsa_key.obj)”或在“D:\zfc\source\IpcManage\IpcManage\Debug\libmtd.pdb”中寻找)；正在链接对象，如同没有调试信息一样
     1>libeay32MTd.lib(dsa_lib.obj) : warning LNK4099: 未找到 PDB“libmtd.pdb”(使用“libeay32MTd.lib(dsa_lib.obj)”或在“D:\zfc\source\IpcManage\IpcManage\Debug\libmtd.pdb”中寻找)；正在链接对象，如同没有调试信息一样
     1>libeay32MTd.lib(dsa_asn1.obj) : warning LNK4099: 未找到 PDB“libmtd.pdb”(使用“libeay32MTd.lib(dsa_asn1.obj)”或在“D:\zfc\source\IpcManage\IpcManage\Debug\libmtd.pdb”中寻找)；正在链接对象，如同没有调试信息一样
     1>libeay32MTd.lib(dsa_vrf.obj) : warning LNK4099: 未找到 PDB“libmtd.pdb”(使用“libeay32MTd.lib(dsa_vrf.obj)”或在“D:\zfc\source\IpcManage\IpcManage\Debug\libmtd.pdb”中寻找)；正在链接对象，如同没有调试信息一样
     1>libeay32MTd.lib(dsa_sign.obj) : warning LNK4099: 未找到 PDB“libmtd.pdb”(使用“libeay32MTd.lib(dsa_sign.obj)”或在“D:\zfc\source\IpcManage\IpcManage\Debug\libmtd.pdb”中寻找)；正在链接对象，如同没有调试信息一样
     1>libeay32MTd.lib(dsa_err.obj) : warning LNK4099: 未找到 PDB“libmtd.pdb”(使用“libeay32MTd.lib(dsa_err.obj)”或在“D:\zfc\source\IpcManage\IpcManage\Debug\libmtd.pdb”中寻找)；正在链接对象，如同没有调试信息一样
     1>libeay32MTd.lib(dsa_ossl.obj) : warning LNK4099: 未找到 PDB“libmtd.pdb”(使用“libeay32MTd.lib(dsa_ossl.obj)”或在“D:\zfc\source\IpcManage\IpcManage\Debug\libmtd.pdb”中寻找)；正在链接对象，如同没有调试信息一样
     1>libeay32MTd.lib(dsa_ameth.obj) : warning LNK4099: 未找到 PDB“libmtd.pdb”(使用“libeay32MTd.lib(dsa_ameth.obj)”或在“D:\zfc\source\IpcManage\IpcManage\Debug\libmtd.pdb”中寻找)；正在链接对象，如同没有调试信息一样
     1>libeay32MTd.lib(dsa_pmeth.obj) : warning LNK4099: 未找到 PDB“libmtd.pdb”(使用“libeay32MTd.lib(dsa_pmeth.obj)”或在“D:\zfc\source\IpcManage\IpcManage\Debug\libmtd.pdb”中寻找)；正在链接对象，如同没有调试信息一样
     1>libeay32MTd.lib(dso_err.obj) : warning LNK4099: 未找到 PDB“libmtd.pdb”(使用“libeay32MTd.lib(dso_err.obj)”或在“D:\zfc\source\IpcManage\IpcManage\Debug\libmtd.pdb”中寻找)；正在链接对象，如同没有调试信息一样
     1>libeay32MTd.lib(dso_lib.obj) : warning LNK4099: 未找到 PDB“libmtd.pdb”(使用“libeay32MTd.lib(dso_lib.obj)”或在“D:\zfc\source\IpcManage\IpcManage\Debug\libmtd.pdb”中寻找)；正在链接对象，如同没有调试信息一样
     1>libeay32MTd.lib(dso_openssl.obj) : warning LNK4099: 未找到 PDB“libmtd.pdb”(使用“libeay32MTd.lib(dso_openssl.obj)”或在“D:\zfc\source\IpcManage\IpcManage\Debug\libmtd.pdb”中寻找)；正在链接对象，如同没有调试信息一样
     1>libeay32MTd.lib(dso_win32.obj) : warning LNK4099: 未找到 PDB“libmtd.pdb”(使用“libeay32MTd.lib(dso_win32.obj)”或在“D:\zfc\source\IpcManage\IpcManage\Debug\libmtd.pdb”中寻找)；正在链接对象，如同没有调试信息一样
     1>libeay32MTd.lib(dh_asn1.obj) : warning LNK4099: 未找到 PDB“libmtd.pdb”(使用“libeay32MTd.lib(dh_asn1.obj)”或在“D:\zfc\source\IpcManage\IpcManage\Debug\libmtd.pdb”中寻找)；正在链接对象，如同没有调试信息一样
     1>libeay32MTd.lib(dh_gen.obj) : warning LNK4099: 未找到 PDB“libmtd.pdb”(使用“libeay32MTd.lib(dh_gen.obj)”或在“D:\zfc\source\IpcManage\IpcManage\Debug\libmtd.pdb”中寻找)；正在链接对象，如同没有调试信息一样
     1>libeay32MTd.lib(dh_key.obj) : warning LNK4099: 未找到 PDB“libmtd.pdb”(使用“libeay32MTd.lib(dh_key.obj)”或在“D:\zfc\source\IpcManage\IpcManage\Debug\libmtd.pdb”中寻找)；正在链接对象，如同没有调试信息一样
     1>libeay32MTd.lib(dh_lib.obj) : warning LNK4099: 未找到 PDB“libmtd.pdb”(使用“libeay32MTd.lib(dh_lib.obj)”或在“D:\zfc\source\IpcManage\IpcManage\Debug\libmtd.pdb”中寻找)；正在链接对象，如同没有调试信息一样
     1>libeay32MTd.lib(dh_check.obj) : warning LNK4099: 未找到 PDB“libmtd.pdb”(使用“libeay32MTd.lib(dh_check.obj)”或在“D:\zfc\source\IpcManage\IpcManage\Debug\libmtd.pdb”中寻找)；正在链接对象，如同没有调试信息一样
     1>libeay32MTd.lib(dh_err.obj) : warning LNK4099: 未找到 PDB“libmtd.pdb”(使用“libeay32MTd.lib(dh_err.obj)”或在“D:\zfc\source\IpcManage\IpcManage\Debug\libmtd.pdb”中寻找)；正在链接对象，如同没有调试信息一样
     1>libeay32MTd.lib(dh_ameth.obj) : warning LNK4099: 未找到 PDB“libmtd.pdb”(使用“libeay32MTd.lib(dh_ameth.obj)”或在“D:\zfc\source\IpcManage\IpcManage\Debug\libmtd.pdb”中寻找)；正在链接对象，如同没有调试信息一样
     1>libeay32MTd.lib(dh_pmeth.obj) : warning LNK4099: 未找到 PDB“libmtd.pdb”(使用“libeay32MTd.lib(dh_pmeth.obj)”或在“D:\zfc\source\IpcManage\IpcManage\Debug\libmtd.pdb”中寻找)；正在链接对象，如同没有调试信息一样
     1>libeay32MTd.lib(ec_lib.obj) : warning LNK4099: 未找到 PDB“libmtd.pdb”(使用“libeay32MTd.lib(ec_lib.obj)”或在“D:\zfc\source\IpcManage\IpcManage\Debug\libmtd.pdb”中寻找)；正在链接对象，如同没有调试信息一样
     1>libeay32MTd.lib(ecp_smpl.obj) : warning LNK4099: 未找到 PDB“libmtd.pdb”(使用“libeay32MTd.lib(ecp_smpl.obj)”或在“D:\zfc\source\IpcManage\IpcManage\Debug\libmtd.pdb”中寻找)；正在链接对象，如同没有调试信息一样
     1>libeay32MTd.lib(ecp_mont.obj) : warning LNK4099: 未找到 PDB“libmtd.pdb”(使用“libeay32MTd.lib(ecp_mont.obj)”或在“D:\zfc\source\IpcManage\IpcManage\Debug\libmtd.pdb”中寻找)；正在链接对象，如同没有调试信息一样
     1>libeay32MTd.lib(ecp_nist.obj) : warning LNK4099: 未找到 PDB“libmtd.pdb”(使用“libeay32MTd.lib(ecp_nist.obj)”或在“D:\zfc\source\IpcManage\IpcManage\Debug\libmtd.pdb”中寻找)；正在链接对象，如同没有调试信息一样
     1>libeay32MTd.lib(ec_cvt.obj) : warning LNK4099: 未找到 PDB“libmtd.pdb”(使用“libeay32MTd.lib(ec_cvt.obj)”或在“D:\zfc\source\IpcManage\IpcManage\Debug\libmtd.pdb”中寻找)；正在链接对象，如同没有调试信息一样
     1>libeay32MTd.lib(ec_mult.obj) : warning LNK4099: 未找到 PDB“libmtd.pdb”(使用“libeay32MTd.lib(ec_mult.obj)”或在“D:\zfc\source\IpcManage\IpcManage\Debug\libmtd.pdb”中寻找)；正在链接对象，如同没有调试信息一样
     1>libeay32MTd.lib(ec_err.obj) : warning LNK4099: 未找到 PDB“libmtd.pdb”(使用“libeay32MTd.lib(ec_err.obj)”或在“D:\zfc\source\IpcManage\IpcManage\Debug\libmtd.pdb”中寻找)；正在链接对象，如同没有调试信息一样
     1>libeay32MTd.lib(ec_curve.obj) : warning LNK4099: 未找到 PDB“libmtd.pdb”(使用“libeay32MTd.lib(ec_curve.obj)”或在“D:\zfc\source\IpcManage\IpcManage\Debug\libmtd.pdb”中寻找)；正在链接对象，如同没有调试信息一样
     1>libeay32MTd.lib(ec_print.obj) : warning LNK4099: 未找到 PDB“libmtd.pdb”(使用“libeay32MTd.lib(ec_print.obj)”或在“D:\zfc\source\IpcManage\IpcManage\Debug\libmtd.pdb”中寻找)；正在链接对象，如同没有调试信息一样
     1>libeay32MTd.lib(ec_asn1.obj) : warning LNK4099: 未找到 PDB“libmtd.pdb”(使用“libeay32MTd.lib(ec_asn1.obj)”或在“D:\zfc\source\IpcManage\IpcManage\Debug\libmtd.pdb”中寻找)；正在链接对象，如同没有调试信息一样
     1>libeay32MTd.lib(ec_key.obj) : warning LNK4099: 未找到 PDB“libmtd.pdb”(使用“libeay32MTd.lib(ec_key.obj)”或在“D:\zfc\source\IpcManage\IpcManage\Debug\libmtd.pdb”中寻找)；正在链接对象，如同没有调试信息一样
     1>libeay32MTd.lib(ec2_smpl.obj) : warning LNK4099: 未找到 PDB“libmtd.pdb”(使用“libeay32MTd.lib(ec2_smpl.obj)”或在“D:\zfc\source\IpcManage\IpcManage\Debug\libmtd.pdb”中寻找)；正在链接对象，如同没有调试信息一样
     1>libeay32MTd.lib(ec2_mult.obj) : warning LNK4099: 未找到 PDB“libmtd.pdb”(使用“libeay32MTd.lib(ec2_mult.obj)”或在“D:\zfc\source\IpcManage\IpcManage\Debug\libmtd.pdb”中寻找)；正在链接对象，如同没有调试信息一样
     1>libeay32MTd.lib(ec_ameth.obj) : warning LNK4099: 未找到 PDB“libmtd.pdb”(使用“libeay32MTd.lib(ec_ameth.obj)”或在“D:\zfc\source\IpcManage\IpcManage\Debug\libmtd.pdb”中寻找)；正在链接对象，如同没有调试信息一样
     1>libeay32MTd.lib(ec_pmeth.obj) : warning LNK4099: 未找到 PDB“libmtd.pdb”(使用“libeay32MTd.lib(ec_pmeth.obj)”或在“D:\zfc\source\IpcManage\IpcManage\Debug\libmtd.pdb”中寻找)；正在链接对象，如同没有调试信息一样
     1>libeay32MTd.lib(eck_prn.obj) : warning LNK4099: 未找到 PDB“libmtd.pdb”(使用“libeay32MTd.lib(eck_prn.obj)”或在“D:\zfc\source\IpcManage\IpcManage\Debug\libmtd.pdb”中寻找)；正在链接对象，如同没有调试信息一样
     1>libeay32MTd.lib(ecp_oct.obj) : warning LNK4099: 未找到 PDB“libmtd.pdb”(使用“libeay32MTd.lib(ecp_oct.obj)”或在“D:\zfc\source\IpcManage\IpcManage\Debug\libmtd.pdb”中寻找)；正在链接对象，如同没有调试信息一样
     1>libeay32MTd.lib(ec2_oct.obj) : warning LNK4099: 未找到 PDB“libmtd.pdb”(使用“libeay32MTd.lib(ec2_oct.obj)”或在“D:\zfc\source\IpcManage\IpcManage\Debug\libmtd.pdb”中寻找)；正在链接对象，如同没有调试信息一样
     1>libeay32MTd.lib(ec_oct.obj) : warning LNK4099: 未找到 PDB“libmtd.pdb”(使用“libeay32MTd.lib(ec_oct.obj)”或在“D:\zfc\source\IpcManage\IpcManage\Debug\libmtd.pdb”中寻找)；正在链接对象，如同没有调试信息一样
     1>libeay32MTd.lib(ech_lib.obj) : warning LNK4099: 未找到 PDB“libmtd.pdb”(使用“libeay32MTd.lib(ech_lib.obj)”或在“D:\zfc\source\IpcManage\IpcManage\Debug\libmtd.pdb”中寻找)；正在链接对象，如同没有调试信息一样
     1>libeay32MTd.lib(ech_ossl.obj) : warning LNK4099: 未找到 PDB“libmtd.pdb”(使用“libeay32MTd.lib(ech_ossl.obj)”或在“D:\zfc\source\IpcManage\IpcManage\Debug\libmtd.pdb”中寻找)；正在链接对象，如同没有调试信息一样
     1>libeay32MTd.lib(ech_key.obj) : warning LNK4099: 未找到 PDB“libmtd.pdb”(使用“libeay32MTd.lib(ech_key.obj)”或在“D:\zfc\source\IpcManage\IpcManage\Debug\libmtd.pdb”中寻找)；正在链接对象，如同没有调试信息一样
     1>libeay32MTd.lib(ech_err.obj) : warning LNK4099: 未找到 PDB“libmtd.pdb”(使用“libeay32MTd.lib(ech_err.obj)”或在“D:\zfc\source\IpcManage\IpcManage\Debug\libmtd.pdb”中寻找)；正在链接对象，如同没有调试信息一样
     1>libeay32MTd.lib(ecs_lib.obj) : warning LNK4099: 未找到 PDB“libmtd.pdb”(使用“libeay32MTd.lib(ecs_lib.obj)”或在“D:\zfc\source\IpcManage\IpcManage\Debug\libmtd.pdb”中寻找)；正在链接对象，如同没有调试信息一样
     1>libeay32MTd.lib(ecs_asn1.obj) : warning LNK4099: 未找到 PDB“libmtd.pdb”(使用“libeay32MTd.lib(ecs_asn1.obj)”或在“D:\zfc\source\IpcManage\IpcManage\Debug\libmtd.pdb”中寻找)；正在链接对象，如同没有调试信息一样
     1>libeay32MTd.lib(ecs_ossl.obj) : warning LNK4099: 未找到 PDB“libmtd.pdb”(使用“libeay32MTd.lib(ecs_ossl.obj)”或在“D:\zfc\source\IpcManage\IpcManage\Debug\libmtd.pdb”中寻找)；正在链接对象，如同没有调试信息一样
     1>libeay32MTd.lib(ecs_sign.obj) : warning LNK4099: 未找到 PDB“libmtd.pdb”(使用“libeay32MTd.lib(ecs_sign.obj)”或在“D:\zfc\source\IpcManage\IpcManage\Debug\libmtd.pdb”中寻找)；正在链接对象，如同没有调试信息一样
     1>libeay32MTd.lib(ecs_vrf.obj) : warning LNK4099: 未找到 PDB“libmtd.pdb”(使用“libeay32MTd.lib(ecs_vrf.obj)”或在“D:\zfc\source\IpcManage\IpcManage\Debug\libmtd.pdb”中寻找)；正在链接对象，如同没有调试信息一样
     1>libeay32MTd.lib(ecs_err.obj) : warning LNK4099: 未找到 PDB“libmtd.pdb”(使用“libeay32MTd.lib(ecs_err.obj)”或在“D:\zfc\source\IpcManage\IpcManage\Debug\libmtd.pdb”中寻找)；正在链接对象，如同没有调试信息一样
     1>libeay32MTd.lib(buffer.obj) : warning LNK4099: 未找到 PDB“libmtd.pdb”(使用“libeay32MTd.lib(buffer.obj)”或在“D:\zfc\source\IpcManage\IpcManage\Debug\libmtd.pdb”中寻找)；正在链接对象，如同没有调试信息一样
     1>libeay32MTd.lib(buf_str.obj) : warning LNK4099: 未找到 PDB“libmtd.pdb”(使用“libeay32MTd.lib(buf_str.obj)”或在“D:\zfc\source\IpcManage\IpcManage\Debug\libmtd.pdb”中寻找)；正在链接对象，如同没有调试信息一样
     1>libeay32MTd.lib(buf_err.obj) : warning LNK4099: 未找到 PDB“libmtd.pdb”(使用“libeay32MTd.lib(buf_err.obj)”或在“D:\zfc\source\IpcManage\IpcManage\Debug\libmtd.pdb”中寻找)；正在链接对象，如同没有调试信息一样
     1>libeay32MTd.lib(bio_lib.obj) : warning LNK4099: 未找到 PDB“libmtd.pdb”(使用“libeay32MTd.lib(bio_lib.obj)”或在“D:\zfc\source\IpcManage\IpcManage\Debug\libmtd.pdb”中寻找)；正在链接对象，如同没有调试信息一样
     1>libeay32MTd.lib(bio_err.obj) : warning LNK4099: 未找到 PDB“libmtd.pdb”(使用“libeay32MTd.lib(bio_err.obj)”或在“D:\zfc\source\IpcManage\IpcManage\Debug\libmtd.pdb”中寻找)；正在链接对象，如同没有调试信息一样
     1>libeay32MTd.lib(bss_mem.obj) : warning LNK4099: 未找到 PDB“libmtd.pdb”(使用“libeay32MTd.lib(bss_mem.obj)”或在“D:\zfc\source\IpcManage\IpcManage\Debug\libmtd.pdb”中寻找)；正在链接对象，如同没有调试信息一样
     1>libeay32MTd.lib(bss_null.obj) : warning LNK4099: 未找到 PDB“libmtd.pdb”(使用“libeay32MTd.lib(bss_null.obj)”或在“D:\zfc\source\IpcManage\IpcManage\Debug\libmtd.pdb”中寻找)；正在链接对象，如同没有调试信息一样
     1>libeay32MTd.lib(bss_file.obj) : warning LNK4099: 未找到 PDB“libmtd.pdb”(使用“libeay32MTd.lib(bss_file.obj)”或在“D:\zfc\source\IpcManage\IpcManage\Debug\libmtd.pdb”中寻找)；正在链接对象，如同没有调试信息一样
     1>libeay32MTd.lib(bss_sock.obj) : warning LNK4099: 未找到 PDB“libmtd.pdb”(使用“libeay32MTd.lib(bss_sock.obj)”或在“D:\zfc\source\IpcManage\IpcManage\Debug\libmtd.pdb”中寻找)；正在链接对象，如同没有调试信息一样
     1>libeay32MTd.lib(bf_buff.obj) : warning LNK4099: 未找到 PDB“libmtd.pdb”(使用“libeay32MTd.lib(bf_buff.obj)”或在“D:\zfc\source\IpcManage\IpcManage\Debug\libmtd.pdb”中寻找)；正在链接对象，如同没有调试信息一样
     1>libeay32MTd.lib(b_print.obj) : warning LNK4099: 未找到 PDB“libmtd.pdb”(使用“libeay32MTd.lib(b_print.obj)”或在“D:\zfc\source\IpcManage\IpcManage\Debug\libmtd.pdb”中寻找)；正在链接对象，如同没有调试信息一样
     1>libeay32MTd.lib(b_dump.obj) : warning LNK4099: 未找到 PDB“libmtd.pdb”(使用“libeay32MTd.lib(b_dump.obj)”或在“D:\zfc\source\IpcManage\IpcManage\Debug\libmtd.pdb”中寻找)；正在链接对象，如同没有调试信息一样
     1>libeay32MTd.lib(stack.obj) : warning LNK4099: 未找到 PDB“libmtd.pdb”(使用“libeay32MTd.lib(stack.obj)”或在“D:\zfc\source\IpcManage\IpcManage\Debug\libmtd.pdb”中寻找)；正在链接对象，如同没有调试信息一样
     1>libeay32MTd.lib(lhash.obj) : warning LNK4099: 未找到 PDB“libmtd.pdb”(使用“libeay32MTd.lib(lhash.obj)”或在“D:\zfc\source\IpcManage\IpcManage\Debug\libmtd.pdb”中寻找)；正在链接对象，如同没有调试信息一样
     1>libeay32MTd.lib(md_rand.obj) : warning LNK4099: 未找到 PDB“libmtd.pdb”(使用“libeay32MTd.lib(md_rand.obj)”或在“D:\zfc\source\IpcManage\IpcManage\Debug\libmtd.pdb”中寻找)；正在链接对象，如同没有调试信息一样
     1>libeay32MTd.lib(rand_lib.obj) : warning LNK4099: 未找到 PDB“libmtd.pdb”(使用“libeay32MTd.lib(rand_lib.obj)”或在“D:\zfc\source\IpcManage\IpcManage\Debug\libmtd.pdb”中寻找)；正在链接对象，如同没有调试信息一样
     1>libeay32MTd.lib(rand_err.obj) : warning LNK4099: 未找到 PDB“libmtd.pdb”(使用“libeay32MTd.lib(rand_err.obj)”或在“D:\zfc\source\IpcManage\IpcManage\Debug\libmtd.pdb”中寻找)；正在链接对象，如同没有调试信息一样
     1>libeay32MTd.lib(rand_win.obj) : warning LNK4099: 未找到 PDB“libmtd.pdb”(使用“libeay32MTd.lib(rand_win.obj)”或在“D:\zfc\source\IpcManage\IpcManage\Debug\libmtd.pdb”中寻找)；正在链接对象，如同没有调试信息一样
     1>libeay32MTd.lib(err.obj) : warning LNK4099: 未找到 PDB“libmtd.pdb”(使用“libeay32MTd.lib(err.obj)”或在“D:\zfc\source\IpcManage\IpcManage\Debug\libmtd.pdb”中寻找)；正在链接对象，如同没有调试信息一样
     1>libeay32MTd.lib(err_all.obj) : warning LNK4099: 未找到 PDB“libmtd.pdb”(使用“libeay32MTd.lib(err_all.obj)”或在“D:\zfc\source\IpcManage\IpcManage\Debug\libmtd.pdb”中寻找)；正在链接对象，如同没有调试信息一样
     1>libeay32MTd.lib(err_prn.obj) : warning LNK4099: 未找到 PDB“libmtd.pdb”(使用“libeay32MTd.lib(err_prn.obj)”或在“D:\zfc\source\IpcManage\IpcManage\Debug\libmtd.pdb”中寻找)；正在链接对象，如同没有调试信息一样
     1>libeay32MTd.lib(o_names.obj) : warning LNK4099: 未找到 PDB“libmtd.pdb”(使用“libeay32MTd.lib(o_names.obj)”或在“D:\zfc\source\IpcManage\IpcManage\Debug\libmtd.pdb”中寻找)；正在链接对象，如同没有调试信息一样
     1>libeay32MTd.lib(obj_dat.obj) : warning LNK4099: 未找到 PDB“libmtd.pdb”(使用“libeay32MTd.lib(obj_dat.obj)”或在“D:\zfc\source\IpcManage\IpcManage\Debug\libmtd.pdb”中寻找)；正在链接对象，如同没有调试信息一样
     1>libeay32MTd.lib(obj_lib.obj) : warning LNK4099: 未找到 PDB“libmtd.pdb”(使用“libeay32MTd.lib(obj_lib.obj)”或在“D:\zfc\source\IpcManage\IpcManage\Debug\libmtd.pdb”中寻找)；正在链接对象，如同没有调试信息一样
     1>libeay32MTd.lib(obj_err.obj) : warning LNK4099: 未找到 PDB“libmtd.pdb”(使用“libeay32MTd.lib(obj_err.obj)”或在“D:\zfc\source\IpcManage\IpcManage\Debug\libmtd.pdb”中寻找)；正在链接对象，如同没有调试信息一样
     1>libeay32MTd.lib(obj_xref.obj) : warning LNK4099: 未找到 PDB“libmtd.pdb”(使用“libeay32MTd.lib(obj_xref.obj)”或在“D:\zfc\source\IpcManage\IpcManage\Debug\libmtd.pdb”中寻找)；正在链接对象，如同没有调试信息一样
     1>libeay32MTd.lib(encode.obj) : warning LNK4099: 未找到 PDB“libmtd.pdb”(使用“libeay32MTd.lib(encode.obj)”或在“D:\zfc\source\IpcManage\IpcManage\Debug\libmtd.pdb”中寻找)；正在链接对象，如同没有调试信息一样
     1>libeay32MTd.lib(digest.obj) : warning LNK4099: 未找到 PDB“libmtd.pdb”(使用“libeay32MTd.lib(digest.obj)”或在“D:\zfc\source\IpcManage\IpcManage\Debug\libmtd.pdb”中寻找)；正在链接对象，如同没有调试信息一样
     1>libeay32MTd.lib(evp_enc.obj) : warning LNK4099: 未找到 PDB“libmtd.pdb”(使用“libeay32MTd.lib(evp_enc.obj)”或在“D:\zfc\source\IpcManage\IpcManage\Debug\libmtd.pdb”中寻找)；正在链接对象，如同没有调试信息一样
     1>libeay32MTd.lib(evp_key.obj) : warning LNK4099: 未找到 PDB“libmtd.pdb”(使用“libeay32MTd.lib(evp_key.obj)”或在“D:\zfc\source\IpcManage\IpcManage\Debug\libmtd.pdb”中寻找)；正在链接对象，如同没有调试信息一样
     1>libeay32MTd.lib(e_des.obj) : warning LNK4099: 未找到 PDB“libmtd.pdb”(使用“libeay32MTd.lib(e_des.obj)”或在“D:\zfc\source\IpcManage\IpcManage\Debug\libmtd.pdb”中寻找)；正在链接对象，如同没有调试信息一样
     1>libeay32MTd.lib(e_idea.obj) : warning LNK4099: 未找到 PDB“libmtd.pdb”(使用“libeay32MTd.lib(e_idea.obj)”或在“D:\zfc\source\IpcManage\IpcManage\Debug\libmtd.pdb”中寻找)；正在链接对象，如同没有调试信息一样
     1>libeay32MTd.lib(e_des3.obj) : warning LNK4099: 未找到 PDB“libmtd.pdb”(使用“libeay32MTd.lib(e_des3.obj)”或在“D:\zfc\source\IpcManage\IpcManage\Debug\libmtd.pdb”中寻找)；正在链接对象，如同没有调试信息一样
     1>libeay32MTd.lib(e_camellia.obj) : warning LNK4099: 未找到 PDB“libmtd.pdb”(使用“libeay32MTd.lib(e_camellia.obj)”或在“D:\zfc\source\IpcManage\IpcManage\Debug\libmtd.pdb”中寻找)；正在链接对象，如同没有调试信息一样
     1>libeay32MTd.lib(e_rc4.obj) : warning LNK4099: 未找到 PDB“libmtd.pdb”(使用“libeay32MTd.lib(e_rc4.obj)”或在“D:\zfc\source\IpcManage\IpcManage\Debug\libmtd.pdb”中寻找)；正在链接对象，如同没有调试信息一样
     1>libeay32MTd.lib(e_aes.obj) : warning LNK4099: 未找到 PDB“libmtd.pdb”(使用“libeay32MTd.lib(e_aes.obj)”或在“D:\zfc\source\IpcManage\IpcManage\Debug\libmtd.pdb”中寻找)；正在链接对象，如同没有调试信息一样
     1>libeay32MTd.lib(names.obj) : warning LNK4099: 未找到 PDB“libmtd.pdb”(使用“libeay32MTd.lib(names.obj)”或在“D:\zfc\source\IpcManage\IpcManage\Debug\libmtd.pdb”中寻找)；正在链接对象，如同没有调试信息一样
     1>libeay32MTd.lib(e_seed.obj) : warning LNK4099: 未找到 PDB“libmtd.pdb”(使用“libeay32MTd.lib(e_seed.obj)”或在“D:\zfc\source\IpcManage\IpcManage\Debug\libmtd.pdb”中寻找)；正在链接对象，如同没有调试信息一样
     1>libeay32MTd.lib(e_rc2.obj) : warning LNK4099: 未找到 PDB“libmtd.pdb”(使用“libeay32MTd.lib(e_rc2.obj)”或在“D:\zfc\source\IpcManage\IpcManage\Debug\libmtd.pdb”中寻找)；正在链接对象，如同没有调试信息一样
     1>libeay32MTd.lib(m_md5.obj) : warning LNK4099: 未找到 PDB“libmtd.pdb”(使用“libeay32MTd.lib(m_md5.obj)”或在“D:\zfc\source\IpcManage\IpcManage\Debug\libmtd.pdb”中寻找)；正在链接对象，如同没有调试信息一样
     1>libeay32MTd.lib(m_sha1.obj) : warning LNK4099: 未找到 PDB“libmtd.pdb”(使用“libeay32MTd.lib(m_sha1.obj)”或在“D:\zfc\source\IpcManage\IpcManage\Debug\libmtd.pdb”中寻找)；正在链接对象，如同没有调试信息一样
     1>libeay32MTd.lib(m_dss1.obj) : warning LNK4099: 未找到 PDB“libmtd.pdb”(使用“libeay32MTd.lib(m_dss1.obj)”或在“D:\zfc\source\IpcManage\IpcManage\Debug\libmtd.pdb”中寻找)；正在链接对象，如同没有调试信息一样
     1>libeay32MTd.lib(m_ecdsa.obj) : warning LNK4099: 未找到 PDB“libmtd.pdb”(使用“libeay32MTd.lib(m_ecdsa.obj)”或在“D:\zfc\source\IpcManage\IpcManage\Debug\libmtd.pdb”中寻找)；正在链接对象，如同没有调试信息一样
     1>libeay32MTd.lib(p_sign.obj) : warning LNK4099: 未找到 PDB“libmtd.pdb”(使用“libeay32MTd.lib(p_sign.obj)”或在“D:\zfc\source\IpcManage\IpcManage\Debug\libmtd.pdb”中寻找)；正在链接对象，如同没有调试信息一样
     1>libeay32MTd.lib(p_verify.obj) : warning LNK4099: 未找到 PDB“libmtd.pdb”(使用“libeay32MTd.lib(p_verify.obj)”或在“D:\zfc\source\IpcManage\IpcManage\Debug\libmtd.pdb”中寻找)；正在链接对象，如同没有调试信息一样
     1>libeay32MTd.lib(p_lib.obj) : warning LNK4099: 未找到 PDB“libmtd.pdb”(使用“libeay32MTd.lib(p_lib.obj)”或在“D:\zfc\source\IpcManage\IpcManage\Debug\libmtd.pdb”中寻找)；正在链接对象，如同没有调试信息一样
     1>libeay32MTd.lib(bio_md.obj) : warning LNK4099: 未找到 PDB“libmtd.pdb”(使用“libeay32MTd.lib(bio_md.obj)”或在“D:\zfc\source\IpcManage\IpcManage\Debug\libmtd.pdb”中寻找)；正在链接对象，如同没有调试信息一样
     1>libeay32MTd.lib(bio_b64.obj) : warning LNK4099: 未找到 PDB“libmtd.pdb”(使用“libeay32MTd.lib(bio_b64.obj)”或在“D:\zfc\source\IpcManage\IpcManage\Debug\libmtd.pdb”中寻找)；正在链接对象，如同没有调试信息一样
     1>libeay32MTd.lib(bio_enc.obj) : warning LNK4099: 未找到 PDB“libmtd.pdb”(使用“libeay32MTd.lib(bio_enc.obj)”或在“D:\zfc\source\IpcManage\IpcManage\Debug\libmtd.pdb”中寻找)；正在链接对象，如同没有调试信息一样
     1>libeay32MTd.lib(evp_err.obj) : warning LNK4099: 未找到 PDB“libmtd.pdb”(使用“libeay32MTd.lib(evp_err.obj)”或在“D:\zfc\source\IpcManage\IpcManage\Debug\libmtd.pdb”中寻找)；正在链接对象，如同没有调试信息一样
     1>libeay32MTd.lib(e_null.obj) : warning LNK4099: 未找到 PDB“libmtd.pdb”(使用“libeay32MTd.lib(e_null.obj)”或在“D:\zfc\source\IpcManage\IpcManage\Debug\libmtd.pdb”中寻找)；正在链接对象，如同没有调试信息一样
     1>libeay32MTd.lib(evp_lib.obj) : warning LNK4099: 未找到 PDB“libmtd.pdb”(使用“libeay32MTd.lib(evp_lib.obj)”或在“D:\zfc\source\IpcManage\IpcManage\Debug\libmtd.pdb”中寻找)；正在链接对象，如同没有调试信息一样
     1>libeay32MTd.lib(evp_pkey.obj) : warning LNK4099: 未找到 PDB“libmtd.pdb”(使用“libeay32MTd.lib(evp_pkey.obj)”或在“D:\zfc\source\IpcManage\IpcManage\Debug\libmtd.pdb”中寻找)；正在链接对象，如同没有调试信息一样
     1>libeay32MTd.lib(evp_pbe.obj) : warning LNK4099: 未找到 PDB“libmtd.pdb”(使用“libeay32MTd.lib(evp_pbe.obj)”或在“D:\zfc\source\IpcManage\IpcManage\Debug\libmtd.pdb”中寻找)；正在链接对象，如同没有调试信息一样
     1>libeay32MTd.lib(p5_crpt.obj) : warning LNK4099: 未找到 PDB“libmtd.pdb”(使用“libeay32MTd.lib(p5_crpt.obj)”或在“D:\zfc\source\IpcManage\IpcManage\Debug\libmtd.pdb”中寻找)；正在链接对象，如同没有调试信息一样
     1>libeay32MTd.lib(p5_crpt2.obj) : warning LNK4099: 未找到 PDB“libmtd.pdb”(使用“libeay32MTd.lib(p5_crpt2.obj)”或在“D:\zfc\source\IpcManage\IpcManage\Debug\libmtd.pdb”中寻找)；正在链接对象，如同没有调试信息一样
     1>libeay32MTd.lib(pmeth_lib.obj) : warning LNK4099: 未找到 PDB“libmtd.pdb”(使用“libeay32MTd.lib(pmeth_lib.obj)”或在“D:\zfc\source\IpcManage\IpcManage\Debug\libmtd.pdb”中寻找)；正在链接对象，如同没有调试信息一样
     1>libeay32MTd.lib(pmeth_fn.obj) : warning LNK4099: 未找到 PDB“libmtd.pdb”(使用“libeay32MTd.lib(pmeth_fn.obj)”或在“D:\zfc\source\IpcManage\IpcManage\Debug\libmtd.pdb”中寻找)；正在链接对象，如同没有调试信息一样
     1>libeay32MTd.lib(pmeth_gn.obj) : warning LNK4099: 未找到 PDB“libmtd.pdb”(使用“libeay32MTd.lib(pmeth_gn.obj)”或在“D:\zfc\source\IpcManage\IpcManage\Debug\libmtd.pdb”中寻找)；正在链接对象，如同没有调试信息一样
     1>libeay32MTd.lib(m_sigver.obj) : warning LNK4099: 未找到 PDB“libmtd.pdb”(使用“libeay32MTd.lib(m_sigver.obj)”或在“D:\zfc\source\IpcManage\IpcManage\Debug\libmtd.pdb”中寻找)；正在链接对象，如同没有调试信息一样
     1>libeay32MTd.lib(e_aes_cbc_hmac_sha1.obj) : warning LNK4099: 未找到 PDB“libmtd.pdb”(使用“libeay32MTd.lib(e_aes_cbc_hmac_sha1.obj)”或在“D:\zfc\source\IpcManage\IpcManage\Debug\libmtd.pdb”中寻找)；正在链接对象，如同没有调试信息一样
     1>libeay32MTd.lib(a_object.obj) : warning LNK4099: 未找到 PDB“libmtd.pdb”(使用“libeay32MTd.lib(a_object.obj)”或在“D:\zfc\source\IpcManage\IpcManage\Debug\libmtd.pdb”中寻找)；正在链接对象，如同没有调试信息一样
     1>libeay32MTd.lib(a_bitstr.obj) : warning LNK4099: 未找到 PDB“libmtd.pdb”(使用“libeay32MTd.lib(a_bitstr.obj)”或在“D:\zfc\source\IpcManage\IpcManage\Debug\libmtd.pdb”中寻找)；正在链接对象，如同没有调试信息一样
     1>libeay32MTd.lib(a_utctm.obj) : warning LNK4099: 未找到 PDB“libmtd.pdb”(使用“libeay32MTd.lib(a_utctm.obj)”或在“D:\zfc\source\IpcManage\IpcManage\Debug\libmtd.pdb”中寻找)；正在链接对象，如同没有调试信息一样
     1>libeay32MTd.lib(a_gentm.obj) : warning LNK4099: 未找到 PDB“libmtd.pdb”(使用“libeay32MTd.lib(a_gentm.obj)”或在“D:\zfc\source\IpcManage\IpcManage\Debug\libmtd.pdb”中寻找)；正在链接对象，如同没有调试信息一样
     1>libeay32MTd.lib(a_time.obj) : warning LNK4099: 未找到 PDB“libmtd.pdb”(使用“libeay32MTd.lib(a_time.obj)”或在“D:\zfc\source\IpcManage\IpcManage\Debug\libmtd.pdb”中寻找)；正在链接对象，如同没有调试信息一样
     1>libeay32MTd.lib(a_int.obj) : warning LNK4099: 未找到 PDB“libmtd.pdb”(使用“libeay32MTd.lib(a_int.obj)”或在“D:\zfc\source\IpcManage\IpcManage\Debug\libmtd.pdb”中寻找)；正在链接对象，如同没有调试信息一样
     1>libeay32MTd.lib(a_octet.obj) : warning LNK4099: 未找到 PDB“libmtd.pdb”(使用“libeay32MTd.lib(a_octet.obj)”或在“D:\zfc\source\IpcManage\IpcManage\Debug\libmtd.pdb”中寻找)；正在链接对象，如同没有调试信息一样
     1>libeay32MTd.lib(a_print.obj) : warning LNK4099: 未找到 PDB“libmtd.pdb”(使用“libeay32MTd.lib(a_print.obj)”或在“D:\zfc\source\IpcManage\IpcManage\Debug\libmtd.pdb”中寻找)；正在链接对象，如同没有调试信息一样
     1>libeay32MTd.lib(a_type.obj) : warning LNK4099: 未找到 PDB“libmtd.pdb”(使用“libeay32MTd.lib(a_type.obj)”或在“D:\zfc\source\IpcManage\IpcManage\Debug\libmtd.pdb”中寻找)；正在链接对象，如同没有调试信息一样
     1>libeay32MTd.lib(a_set.obj) : warning LNK4099: 未找到 PDB“libmtd.pdb”(使用“libeay32MTd.lib(a_set.obj)”或在“D:\zfc\source\IpcManage\IpcManage\Debug\libmtd.pdb”中寻找)；正在链接对象，如同没有调试信息一样
     1>libeay32MTd.lib(a_dup.obj) : warning LNK4099: 未找到 PDB“libmtd.pdb”(使用“libeay32MTd.lib(a_dup.obj)”或在“D:\zfc\source\IpcManage\IpcManage\Debug\libmtd.pdb”中寻找)；正在链接对象，如同没有调试信息一样
     1>libeay32MTd.lib(a_d2i_fp.obj) : warning LNK4099: 未找到 PDB“libmtd.pdb”(使用“libeay32MTd.lib(a_d2i_fp.obj)”或在“D:\zfc\source\IpcManage\IpcManage\Debug\libmtd.pdb”中寻找)；正在链接对象，如同没有调试信息一样
     1>libeay32MTd.lib(a_i2d_fp.obj) : warning LNK4099: 未找到 PDB“libmtd.pdb”(使用“libeay32MTd.lib(a_i2d_fp.obj)”或在“D:\zfc\source\IpcManage\IpcManage\Debug\libmtd.pdb”中寻找)；正在链接对象，如同没有调试信息一样
     1>libeay32MTd.lib(a_enum.obj) : warning LNK4099: 未找到 PDB“libmtd.pdb”(使用“libeay32MTd.lib(a_enum.obj)”或在“D:\zfc\source\IpcManage\IpcManage\Debug\libmtd.pdb”中寻找)；正在链接对象，如同没有调试信息一样
     1>libeay32MTd.lib(a_utf8.obj) : warning LNK4099: 未找到 PDB“libmtd.pdb”(使用“libeay32MTd.lib(a_utf8.obj)”或在“D:\zfc\source\IpcManage\IpcManage\Debug\libmtd.pdb”中寻找)；正在链接对象，如同没有调试信息一样
     1>libeay32MTd.lib(a_sign.obj) : warning LNK4099: 未找到 PDB“libmtd.pdb”(使用“libeay32MTd.lib(a_sign.obj)”或在“D:\zfc\source\IpcManage\IpcManage\Debug\libmtd.pdb”中寻找)；正在链接对象，如同没有调试信息一样
     1>libeay32MTd.lib(a_digest.obj) : warning LNK4099: 未找到 PDB“libmtd.pdb”(使用“libeay32MTd.lib(a_digest.obj)”或在“D:\zfc\source\IpcManage\IpcManage\Debug\libmtd.pdb”中寻找)；正在链接对象，如同没有调试信息一样
     1>libeay32MTd.lib(a_verify.obj) : warning LNK4099: 未找到 PDB“libmtd.pdb”(使用“libeay32MTd.lib(a_verify.obj)”或在“D:\zfc\source\IpcManage\IpcManage\Debug\libmtd.pdb”中寻找)；正在链接对象，如同没有调试信息一样
     1>libeay32MTd.lib(a_mbstr.obj) : warning LNK4099: 未找到 PDB“libmtd.pdb”(使用“libeay32MTd.lib(a_mbstr.obj)”或在“D:\zfc\source\IpcManage\IpcManage\Debug\libmtd.pdb”中寻找)；正在链接对象，如同没有调试信息一样
     1>libeay32MTd.lib(a_strex.obj) : warning LNK4099: 未找到 PDB“libmtd.pdb”(使用“libeay32MTd.lib(a_strex.obj)”或在“D:\zfc\source\IpcManage\IpcManage\Debug\libmtd.pdb”中寻找)；正在链接对象，如同没有调试信息一样
     1>libeay32MTd.lib(x_algor.obj) : warning LNK4099: 未找到 PDB“libmtd.pdb”(使用“libeay32MTd.lib(x_algor.obj)”或在“D:\zfc\source\IpcManage\IpcManage\Debug\libmtd.pdb”中寻找)；正在链接对象，如同没有调试信息一样
     1>libeay32MTd.lib(x_val.obj) : warning LNK4099: 未找到 PDB“libmtd.pdb”(使用“libeay32MTd.lib(x_val.obj)”或在“D:\zfc\source\IpcManage\IpcManage\Debug\libmtd.pdb”中寻找)；正在链接对象，如同没有调试信息一样
     1>libeay32MTd.lib(x_pubkey.obj) : warning LNK4099: 未找到 PDB“libmtd.pdb”(使用“libeay32MTd.lib(x_pubkey.obj)”或在“D:\zfc\source\IpcManage\IpcManage\Debug\libmtd.pdb”中寻找)；正在链接对象，如同没有调试信息一样
     1>libeay32MTd.lib(x_sig.obj) : warning LNK4099: 未找到 PDB“libmtd.pdb”(使用“libeay32MTd.lib(x_sig.obj)”或在“D:\zfc\source\IpcManage\IpcManage\Debug\libmtd.pdb”中寻找)；正在链接对象，如同没有调试信息一样
     1>libeay32MTd.lib(x_req.obj) : warning LNK4099: 未找到 PDB“libmtd.pdb”(使用“libeay32MTd.lib(x_req.obj)”或在“D:\zfc\source\IpcManage\IpcManage\Debug\libmtd.pdb”中寻找)；正在链接对象，如同没有调试信息一样
     1>libeay32MTd.lib(x_attrib.obj) : warning LNK4099: 未找到 PDB“libmtd.pdb”(使用“libeay32MTd.lib(x_attrib.obj)”或在“D:\zfc\source\IpcManage\IpcManage\Debug\libmtd.pdb”中寻找)；正在链接对象，如同没有调试信息一样
     1>libeay32MTd.lib(x_bignum.obj) : warning LNK4099: 未找到 PDB“libmtd.pdb”(使用“libeay32MTd.lib(x_bignum.obj)”或在“D:\zfc\source\IpcManage\IpcManage\Debug\libmtd.pdb”中寻找)；正在链接对象，如同没有调试信息一样
     1>libeay32MTd.lib(x_long.obj) : warning LNK4099: 未找到 PDB“libmtd.pdb”(使用“libeay32MTd.lib(x_long.obj)”或在“D:\zfc\source\IpcManage\IpcManage\Debug\libmtd.pdb”中寻找)；正在链接对象，如同没有调试信息一样
     1>libeay32MTd.lib(x_name.obj) : warning LNK4099: 未找到 PDB“libmtd.pdb”(使用“libeay32MTd.lib(x_name.obj)”或在“D:\zfc\source\IpcManage\IpcManage\Debug\libmtd.pdb”中寻找)；正在链接对象，如同没有调试信息一样
     1>libeay32MTd.lib(x_x509.obj) : warning LNK4099: 未找到 PDB“libmtd.pdb”(使用“libeay32MTd.lib(x_x509.obj)”或在“D:\zfc\source\IpcManage\IpcManage\Debug\libmtd.pdb”中寻找)；正在链接对象，如同没有调试信息一样
     1>libeay32MTd.lib(x_x509a.obj) : warning LNK4099: 未找到 PDB“libmtd.pdb”(使用“libeay32MTd.lib(x_x509a.obj)”或在“D:\zfc\source\IpcManage\IpcManage\Debug\libmtd.pdb”中寻找)；正在链接对象，如同没有调试信息一样
     1>libeay32MTd.lib(x_crl.obj) : warning LNK4099: 未找到 PDB“libmtd.pdb”(使用“libeay32MTd.lib(x_crl.obj)”或在“D:\zfc\source\IpcManage\IpcManage\Debug\libmtd.pdb”中寻找)；正在链接对象，如同没有调试信息一样
     1>libeay32MTd.lib(x_info.obj) : warning LNK4099: 未找到 PDB“libmtd.pdb”(使用“libeay32MTd.lib(x_info.obj)”或在“D:\zfc\source\IpcManage\IpcManage\Debug\libmtd.pdb”中寻找)；正在链接对象，如同没有调试信息一样
     1>libeay32MTd.lib(x_spki.obj) : warning LNK4099: 未找到 PDB“libmtd.pdb”(使用“libeay32MTd.lib(x_spki.obj)”或在“D:\zfc\source\IpcManage\IpcManage\Debug\libmtd.pdb”中寻找)；正在链接对象，如同没有调试信息一样
     1>libeay32MTd.lib(nsseq.obj) : warning LNK4099: 未找到 PDB“libmtd.pdb”(使用“libeay32MTd.lib(nsseq.obj)”或在“D:\zfc\source\IpcManage\IpcManage\Debug\libmtd.pdb”中寻找)；正在链接对象，如同没有调试信息一样
     1>libeay32MTd.lib(d2i_pr.obj) : warning LNK4099: 未找到 PDB“libmtd.pdb”(使用“libeay32MTd.lib(d2i_pr.obj)”或在“D:\zfc\source\IpcManage\IpcManage\Debug\libmtd.pdb”中寻找)；正在链接对象，如同没有调试信息一样
     1>libeay32MTd.lib(i2d_pr.obj) : warning LNK4099: 未找到 PDB“libmtd.pdb”(使用“libeay32MTd.lib(i2d_pr.obj)”或在“D:\zfc\source\IpcManage\IpcManage\Debug\libmtd.pdb”中寻找)；正在链接对象，如同没有调试信息一样
     1>libeay32MTd.lib(t_x509.obj) : warning LNK4099: 未找到 PDB“libmtd.pdb”(使用“libeay32MTd.lib(t_x509.obj)”或在“D:\zfc\source\IpcManage\IpcManage\Debug\libmtd.pdb”中寻找)；正在链接对象，如同没有调试信息一样
     1>libeay32MTd.lib(t_x509a.obj) : warning LNK4099: 未找到 PDB“libmtd.pdb”(使用“libeay32MTd.lib(t_x509a.obj)”或在“D:\zfc\source\IpcManage\IpcManage\Debug\libmtd.pdb”中寻找)；正在链接对象，如同没有调试信息一样
     1>libeay32MTd.lib(t_pkey.obj) : warning LNK4099: 未找到 PDB“libmtd.pdb”(使用“libeay32MTd.lib(t_pkey.obj)”或在“D:\zfc\source\IpcManage\IpcManage\Debug\libmtd.pdb”中寻找)；正在链接对象，如同没有调试信息一样
     1>libeay32MTd.lib(tasn_new.obj) : warning LNK4099: 未找到 PDB“libmtd.pdb”(使用“libeay32MTd.lib(tasn_new.obj)”或在“D:\zfc\source\IpcManage\IpcManage\Debug\libmtd.pdb”中寻找)；正在链接对象，如同没有调试信息一样
     1>libeay32MTd.lib(tasn_fre.obj) : warning LNK4099: 未找到 PDB“libmtd.pdb”(使用“libeay32MTd.lib(tasn_fre.obj)”或在“D:\zfc\source\IpcManage\IpcManage\Debug\libmtd.pdb”中寻找)；正在链接对象，如同没有调试信息一样
     1>libeay32MTd.lib(tasn_enc.obj) : warning LNK4099: 未找到 PDB“libmtd.pdb”(使用“libeay32MTd.lib(tasn_enc.obj)”或在“D:\zfc\source\IpcManage\IpcManage\Debug\libmtd.pdb”中寻找)；正在链接对象，如同没有调试信息一样
     1>libeay32MTd.lib(tasn_dec.obj) : warning LNK4099: 未找到 PDB“libmtd.pdb”(使用“libeay32MTd.lib(tasn_dec.obj)”或在“D:\zfc\source\IpcManage\IpcManage\Debug\libmtd.pdb”中寻找)；正在链接对象，如同没有调试信息一样
     1>libeay32MTd.lib(tasn_utl.obj) : warning LNK4099: 未找到 PDB“libmtd.pdb”(使用“libeay32MTd.lib(tasn_utl.obj)”或在“D:\zfc\source\IpcManage\IpcManage\Debug\libmtd.pdb”中寻找)；正在链接对象，如同没有调试信息一样
     1>libeay32MTd.lib(tasn_typ.obj) : warning LNK4099: 未找到 PDB“libmtd.pdb”(使用“libeay32MTd.lib(tasn_typ.obj)”或在“D:\zfc\source\IpcManage\IpcManage\Debug\libmtd.pdb”中寻找)；正在链接对象，如同没有调试信息一样
     1>libeay32MTd.lib(tasn_prn.obj) : warning LNK4099: 未找到 PDB“libmtd.pdb”(使用“libeay32MTd.lib(tasn_prn.obj)”或在“D:\zfc\source\IpcManage\IpcManage\Debug\libmtd.pdb”中寻找)；正在链接对象，如同没有调试信息一样
     1>libeay32MTd.lib(ameth_lib.obj) : warning LNK4099: 未找到 PDB“libmtd.pdb”(使用“libeay32MTd.lib(ameth_lib.obj)”或在“D:\zfc\source\IpcManage\IpcManage\Debug\libmtd.pdb”中寻找)；正在链接对象，如同没有调试信息一样
     1>libeay32MTd.lib(f_int.obj) : warning LNK4099: 未找到 PDB“libmtd.pdb”(使用“libeay32MTd.lib(f_int.obj)”或在“D:\zfc\source\IpcManage\IpcManage\Debug\libmtd.pdb”中寻找)；正在链接对象，如同没有调试信息一样
     1>libeay32MTd.lib(f_string.obj) : warning LNK4099: 未找到 PDB“libmtd.pdb”(使用“libeay32MTd.lib(f_string.obj)”或在“D:\zfc\source\IpcManage\IpcManage\Debug\libmtd.pdb”中寻找)；正在链接对象，如同没有调试信息一样
     1>libeay32MTd.lib(x_pkey.obj) : warning LNK4099: 未找到 PDB“libmtd.pdb”(使用“libeay32MTd.lib(x_pkey.obj)”或在“D:\zfc\source\IpcManage\IpcManage\Debug\libmtd.pdb”中寻找)；正在链接对象，如同没有调试信息一样
     1>libeay32MTd.lib(a_bool.obj) : warning LNK4099: 未找到 PDB“libmtd.pdb”(使用“libeay32MTd.lib(a_bool.obj)”或在“D:\zfc\source\IpcManage\IpcManage\Debug\libmtd.pdb”中寻找)；正在链接对象，如同没有调试信息一样
     1>libeay32MTd.lib(x_exten.obj) : warning LNK4099: 未找到 PDB“libmtd.pdb”(使用“libeay32MTd.lib(x_exten.obj)”或在“D:\zfc\source\IpcManage\IpcManage\Debug\libmtd.pdb”中寻找)；正在链接对象，如同没有调试信息一样
     1>libeay32MTd.lib(bio_asn1.obj) : warning LNK4099: 未找到 PDB“libmtd.pdb”(使用“libeay32MTd.lib(bio_asn1.obj)”或在“D:\zfc\source\IpcManage\IpcManage\Debug\libmtd.pdb”中寻找)；正在链接对象，如同没有调试信息一样
     1>libeay32MTd.lib(bio_ndef.obj) : warning LNK4099: 未找到 PDB“libmtd.pdb”(使用“libeay32MTd.lib(bio_ndef.obj)”或在“D:\zfc\source\IpcManage\IpcManage\Debug\libmtd.pdb”中寻找)；正在链接对象，如同没有调试信息一样
     1>libeay32MTd.lib(asn_mime.obj) : warning LNK4099: 未找到 PDB“libmtd.pdb”(使用“libeay32MTd.lib(asn_mime.obj)”或在“D:\zfc\source\IpcManage\IpcManage\Debug\libmtd.pdb”中寻找)；正在链接对象，如同没有调试信息一样
     1>libeay32MTd.lib(asn1_gen.obj) : warning LNK4099: 未找到 PDB“libmtd.pdb”(使用“libeay32MTd.lib(asn1_gen.obj)”或在“D:\zfc\source\IpcManage\IpcManage\Debug\libmtd.pdb”中寻找)；正在链接对象，如同没有调试信息一样
     1>libeay32MTd.lib(asn1_par.obj) : warning LNK4099: 未找到 PDB“libmtd.pdb”(使用“libeay32MTd.lib(asn1_par.obj)”或在“D:\zfc\source\IpcManage\IpcManage\Debug\libmtd.pdb”中寻找)；正在链接对象，如同没有调试信息一样
     1>libeay32MTd.lib(asn1_lib.obj) : warning LNK4099: 未找到 PDB“libmtd.pdb”(使用“libeay32MTd.lib(asn1_lib.obj)”或在“D:\zfc\source\IpcManage\IpcManage\Debug\libmtd.pdb”中寻找)；正在链接对象，如同没有调试信息一样
     1>libeay32MTd.lib(asn1_err.obj) : warning LNK4099: 未找到 PDB“libmtd.pdb”(使用“libeay32MTd.lib(asn1_err.obj)”或在“D:\zfc\source\IpcManage\IpcManage\Debug\libmtd.pdb”中寻找)；正在链接对象，如同没有调试信息一样
     1>libeay32MTd.lib(a_bytes.obj) : warning LNK4099: 未找到 PDB“libmtd.pdb”(使用“libeay32MTd.lib(a_bytes.obj)”或在“D:\zfc\source\IpcManage\IpcManage\Debug\libmtd.pdb”中寻找)；正在链接对象，如同没有调试信息一样
     1>libeay32MTd.lib(a_strnid.obj) : warning LNK4099: 未找到 PDB“libmtd.pdb”(使用“libeay32MTd.lib(a_strnid.obj)”或在“D:\zfc\source\IpcManage\IpcManage\Debug\libmtd.pdb”中寻找)；正在链接对象，如同没有调试信息一样
     1>libeay32MTd.lib(evp_asn1.obj) : warning LNK4099: 未找到 PDB“libmtd.pdb”(使用“libeay32MTd.lib(evp_asn1.obj)”或在“D:\zfc\source\IpcManage\IpcManage\Debug\libmtd.pdb”中寻找)；正在链接对象，如同没有调试信息一样
     1>libeay32MTd.lib(asn_pack.obj) : warning LNK4099: 未找到 PDB“libmtd.pdb”(使用“libeay32MTd.lib(asn_pack.obj)”或在“D:\zfc\source\IpcManage\IpcManage\Debug\libmtd.pdb”中寻找)；正在链接对象，如同没有调试信息一样
     1>libeay32MTd.lib(p5_pbe.obj) : warning LNK4099: 未找到 PDB“libmtd.pdb”(使用“libeay32MTd.lib(p5_pbe.obj)”或在“D:\zfc\source\IpcManage\IpcManage\Debug\libmtd.pdb”中寻找)；正在链接对象，如同没有调试信息一样
     1>libeay32MTd.lib(p5_pbev2.obj) : warning LNK4099: 未找到 PDB“libmtd.pdb”(使用“libeay32MTd.lib(p5_pbev2.obj)”或在“D:\zfc\source\IpcManage\IpcManage\Debug\libmtd.pdb”中寻找)；正在链接对象，如同没有调试信息一样
     1>libeay32MTd.lib(p8_pkey.obj) : warning LNK4099: 未找到 PDB“libmtd.pdb”(使用“libeay32MTd.lib(p8_pkey.obj)”或在“D:\zfc\source\IpcManage\IpcManage\Debug\libmtd.pdb”中寻找)；正在链接对象，如同没有调试信息一样
     1>libeay32MTd.lib(pem_info.obj) : warning LNK4099: 未找到 PDB“libmtd.pdb”(使用“libeay32MTd.lib(pem_info.obj)”或在“D:\zfc\source\IpcManage\IpcManage\Debug\libmtd.pdb”中寻找)；正在链接对象，如同没有调试信息一样
     1>libeay32MTd.lib(pem_lib.obj) : warning LNK4099: 未找到 PDB“libmtd.pdb”(使用“libeay32MTd.lib(pem_lib.obj)”或在“D:\zfc\source\IpcManage\IpcManage\Debug\libmtd.pdb”中寻找)；正在链接对象，如同没有调试信息一样
     1>libeay32MTd.lib(pem_all.obj) : warning LNK4099: 未找到 PDB“libmtd.pdb”(使用“libeay32MTd.lib(pem_all.obj)”或在“D:\zfc\source\IpcManage\IpcManage\Debug\libmtd.pdb”中寻找)；正在链接对象，如同没有调试信息一样
     1>libeay32MTd.lib(pem_err.obj) : warning LNK4099: 未找到 PDB“libmtd.pdb”(使用“libeay32MTd.lib(pem_err.obj)”或在“D:\zfc\source\IpcManage\IpcManage\Debug\libmtd.pdb”中寻找)；正在链接对象，如同没有调试信息一样
     1>libeay32MTd.lib(pem_x509.obj) : warning LNK4099: 未找到 PDB“libmtd.pdb”(使用“libeay32MTd.lib(pem_x509.obj)”或在“D:\zfc\source\IpcManage\IpcManage\Debug\libmtd.pdb”中寻找)；正在链接对象，如同没有调试信息一样
     1>libeay32MTd.lib(pem_xaux.obj) : warning LNK4099: 未找到 PDB“libmtd.pdb”(使用“libeay32MTd.lib(pem_xaux.obj)”或在“D:\zfc\source\IpcManage\IpcManage\Debug\libmtd.pdb”中寻找)；正在链接对象，如同没有调试信息一样
     1>libeay32MTd.lib(pem_oth.obj) : warning LNK4099: 未找到 PDB“libmtd.pdb”(使用“libeay32MTd.lib(pem_oth.obj)”或在“D:\zfc\source\IpcManage\IpcManage\Debug\libmtd.pdb”中寻找)；正在链接对象，如同没有调试信息一样
     1>libeay32MTd.lib(pem_pk8.obj) : warning LNK4099: 未找到 PDB“libmtd.pdb”(使用“libeay32MTd.lib(pem_pk8.obj)”或在“D:\zfc\source\IpcManage\IpcManage\Debug\libmtd.pdb”中寻找)；正在链接对象，如同没有调试信息一样
     1>libeay32MTd.lib(pem_pkey.obj) : warning LNK4099: 未找到 PDB“libmtd.pdb”(使用“libeay32MTd.lib(pem_pkey.obj)”或在“D:\zfc\source\IpcManage\IpcManage\Debug\libmtd.pdb”中寻找)；正在链接对象，如同没有调试信息一样
     1>libeay32MTd.lib(x509_def.obj) : warning LNK4099: 未找到 PDB“libmtd.pdb”(使用“libeay32MTd.lib(x509_def.obj)”或在“D:\zfc\source\IpcManage\IpcManage\Debug\libmtd.pdb”中寻找)；正在链接对象，如同没有调试信息一样
     1>libeay32MTd.lib(x509_d2.obj) : warning LNK4099: 未找到 PDB“libmtd.pdb”(使用“libeay32MTd.lib(x509_d2.obj)”或在“D:\zfc\source\IpcManage\IpcManage\Debug\libmtd.pdb”中寻找)；正在链接对象，如同没有调试信息一样
     1>libeay32MTd.lib(x509_cmp.obj) : warning LNK4099: 未找到 PDB“libmtd.pdb”(使用“libeay32MTd.lib(x509_cmp.obj)”或在“D:\zfc\source\IpcManage\IpcManage\Debug\libmtd.pdb”中寻找)；正在链接对象，如同没有调试信息一样
     1>libeay32MTd.lib(x509_obj.obj) : warning LNK4099: 未找到 PDB“libmtd.pdb”(使用“libeay32MTd.lib(x509_obj.obj)”或在“D:\zfc\source\IpcManage\IpcManage\Debug\libmtd.pdb”中寻找)；正在链接对象，如同没有调试信息一样
     1>libeay32MTd.lib(x509_req.obj) : warning LNK4099: 未找到 PDB“libmtd.pdb”(使用“libeay32MTd.lib(x509_req.obj)”或在“D:\zfc\source\IpcManage\IpcManage\Debug\libmtd.pdb”中寻找)；正在链接对象，如同没有调试信息一样
     1>libeay32MTd.lib(x509_vfy.obj) : warning LNK4099: 未找到 PDB“libmtd.pdb”(使用“libeay32MTd.lib(x509_vfy.obj)”或在“D:\zfc\source\IpcManage\IpcManage\Debug\libmtd.pdb”中寻找)；正在链接对象，如同没有调试信息一样
     1>libeay32MTd.lib(x509rset.obj) : warning LNK4099: 未找到 PDB“libmtd.pdb”(使用“libeay32MTd.lib(x509rset.obj)”或在“D:\zfc\source\IpcManage\IpcManage\Debug\libmtd.pdb”中寻找)；正在链接对象，如同没有调试信息一样
     1>libeay32MTd.lib(x509_err.obj) : warning LNK4099: 未找到 PDB“libmtd.pdb”(使用“libeay32MTd.lib(x509_err.obj)”或在“D:\zfc\source\IpcManage\IpcManage\Debug\libmtd.pdb”中寻找)；正在链接对象，如同没有调试信息一样
     1>libeay32MTd.lib(x509name.obj) : warning LNK4099: 未找到 PDB“libmtd.pdb”(使用“libeay32MTd.lib(x509name.obj)”或在“D:\zfc\source\IpcManage\IpcManage\Debug\libmtd.pdb”中寻找)；正在链接对象，如同没有调试信息一样
     1>libeay32MTd.lib(x509_v3.obj) : warning LNK4099: 未找到 PDB“libmtd.pdb”(使用“libeay32MTd.lib(x509_v3.obj)”或在“D:\zfc\source\IpcManage\IpcManage\Debug\libmtd.pdb”中寻找)；正在链接对象，如同没有调试信息一样
     1>libeay32MTd.lib(x509_ext.obj) : warning LNK4099: 未找到 PDB“libmtd.pdb”(使用“libeay32MTd.lib(x509_ext.obj)”或在“D:\zfc\source\IpcManage\IpcManage\Debug\libmtd.pdb”中寻找)；正在链接对象，如同没有调试信息一样
     1>libeay32MTd.lib(x509_att.obj) : warning LNK4099: 未找到 PDB“libmtd.pdb”(使用“libeay32MTd.lib(x509_att.obj)”或在“D:\zfc\source\IpcManage\IpcManage\Debug\libmtd.pdb”中寻找)；正在链接对象，如同没有调试信息一样
     1>libeay32MTd.lib(x509type.obj) : warning LNK4099: 未找到 PDB“libmtd.pdb”(使用“libeay32MTd.lib(x509type.obj)”或在“D:\zfc\source\IpcManage\IpcManage\Debug\libmtd.pdb”中寻找)；正在链接对象，如同没有调试信息一样
     1>libeay32MTd.lib(x509_lu.obj) : warning LNK4099: 未找到 PDB“libmtd.pdb”(使用“libeay32MTd.lib(x509_lu.obj)”或在“D:\zfc\source\IpcManage\IpcManage\Debug\libmtd.pdb”中寻找)；正在链接对象，如同没有调试信息一样
     1>libeay32MTd.lib(x_all.obj) : warning LNK4099: 未找到 PDB“libmtd.pdb”(使用“libeay32MTd.lib(x_all.obj)”或在“D:\zfc\source\IpcManage\IpcManage\Debug\libmtd.pdb”中寻找)；正在链接对象，如同没有调试信息一样
     1>libeay32MTd.lib(x509_txt.obj) : warning LNK4099: 未找到 PDB“libmtd.pdb”(使用“libeay32MTd.lib(x509_txt.obj)”或在“D:\zfc\source\IpcManage\IpcManage\Debug\libmtd.pdb”中寻找)；正在链接对象，如同没有调试信息一样
     1>libeay32MTd.lib(x509_trs.obj) : warning LNK4099: 未找到 PDB“libmtd.pdb”(使用“libeay32MTd.lib(x509_trs.obj)”或在“D:\zfc\source\IpcManage\IpcManage\Debug\libmtd.pdb”中寻找)；正在链接对象，如同没有调试信息一样
     1>libeay32MTd.lib(by_file.obj) : warning LNK4099: 未找到 PDB“libmtd.pdb”(使用“libeay32MTd.lib(by_file.obj)”或在“D:\zfc\source\IpcManage\IpcManage\Debug\libmtd.pdb”中寻找)；正在链接对象，如同没有调试信息一样
     1>libeay32MTd.lib(by_dir.obj) : warning LNK4099: 未找到 PDB“libmtd.pdb”(使用“libeay32MTd.lib(by_dir.obj)”或在“D:\zfc\source\IpcManage\IpcManage\Debug\libmtd.pdb”中寻找)；正在链接对象，如同没有调试信息一样
     1>libeay32MTd.lib(x509_vpm.obj) : warning LNK4099: 未找到 PDB“libmtd.pdb”(使用“libeay32MTd.lib(x509_vpm.obj)”或在“D:\zfc\source\IpcManage\IpcManage\Debug\libmtd.pdb”中寻找)；正在链接对象，如同没有调试信息一样
     1>libeay32MTd.lib(v3_bcons.obj) : warning LNK4099: 未找到 PDB“libmtd.pdb”(使用“libeay32MTd.lib(v3_bcons.obj)”或在“D:\zfc\source\IpcManage\IpcManage\Debug\libmtd.pdb”中寻找)；正在链接对象，如同没有调试信息一样
     1>libeay32MTd.lib(v3_bitst.obj) : warning LNK4099: 未找到 PDB“libmtd.pdb”(使用“libeay32MTd.lib(v3_bitst.obj)”或在“D:\zfc\source\IpcManage\IpcManage\Debug\libmtd.pdb”中寻找)；正在链接对象，如同没有调试信息一样
     1>libeay32MTd.lib(v3_conf.obj) : warning LNK4099: 未找到 PDB“libmtd.pdb”(使用“libeay32MTd.lib(v3_conf.obj)”或在“D:\zfc\source\IpcManage\IpcManage\Debug\libmtd.pdb”中寻找)；正在链接对象，如同没有调试信息一样
     1>libeay32MTd.lib(v3_extku.obj) : warning LNK4099: 未找到 PDB“libmtd.pdb”(使用“libeay32MTd.lib(v3_extku.obj)”或在“D:\zfc\source\IpcManage\IpcManage\Debug\libmtd.pdb”中寻找)；正在链接对象，如同没有调试信息一样
     1>libeay32MTd.lib(v3_ia5.obj) : warning LNK4099: 未找到 PDB“libmtd.pdb”(使用“libeay32MTd.lib(v3_ia5.obj)”或在“D:\zfc\source\IpcManage\IpcManage\Debug\libmtd.pdb”中寻找)；正在链接对象，如同没有调试信息一样
     1>libeay32MTd.lib(v3_lib.obj) : warning LNK4099: 未找到 PDB“libmtd.pdb”(使用“libeay32MTd.lib(v3_lib.obj)”或在“D:\zfc\source\IpcManage\IpcManage\Debug\libmtd.pdb”中寻找)；正在链接对象，如同没有调试信息一样
     1>libeay32MTd.lib(v3_prn.obj) : warning LNK4099: 未找到 PDB“libmtd.pdb”(使用“libeay32MTd.lib(v3_prn.obj)”或在“D:\zfc\source\IpcManage\IpcManage\Debug\libmtd.pdb”中寻找)；正在链接对象，如同没有调试信息一样
     1>libeay32MTd.lib(v3_utl.obj) : warning LNK4099: 未找到 PDB“libmtd.pdb”(使用“libeay32MTd.lib(v3_utl.obj)”或在“D:\zfc\source\IpcManage\IpcManage\Debug\libmtd.pdb”中寻找)；正在链接对象，如同没有调试信息一样
     1>libeay32MTd.lib(v3err.obj) : warning LNK4099: 未找到 PDB“libmtd.pdb”(使用“libeay32MTd.lib(v3err.obj)”或在“D:\zfc\source\IpcManage\IpcManage\Debug\libmtd.pdb”中寻找)；正在链接对象，如同没有调试信息一样
     1>libeay32MTd.lib(v3_genn.obj) : warning LNK4099: 未找到 PDB“libmtd.pdb”(使用“libeay32MTd.lib(v3_genn.obj)”或在“D:\zfc\source\IpcManage\IpcManage\Debug\libmtd.pdb”中寻找)；正在链接对象，如同没有调试信息一样
     1>libeay32MTd.lib(v3_alt.obj) : warning LNK4099: 未找到 PDB“libmtd.pdb”(使用“libeay32MTd.lib(v3_alt.obj)”或在“D:\zfc\source\IpcManage\IpcManage\Debug\libmtd.pdb”中寻找)；正在链接对象，如同没有调试信息一样
     1>libeay32MTd.lib(v3_skey.obj) : warning LNK4099: 未找到 PDB“libmtd.pdb”(使用“libeay32MTd.lib(v3_skey.obj)”或在“D:\zfc\source\IpcManage\IpcManage\Debug\libmtd.pdb”中寻找)；正在链接对象，如同没有调试信息一样
     1>libeay32MTd.lib(v3_akey.obj) : warning LNK4099: 未找到 PDB“libmtd.pdb”(使用“libeay32MTd.lib(v3_akey.obj)”或在“D:\zfc\source\IpcManage\IpcManage\Debug\libmtd.pdb”中寻找)；正在链接对象，如同没有调试信息一样
     1>libeay32MTd.lib(v3_pku.obj) : warning LNK4099: 未找到 PDB“libmtd.pdb”(使用“libeay32MTd.lib(v3_pku.obj)”或在“D:\zfc\source\IpcManage\IpcManage\Debug\libmtd.pdb”中寻找)；正在链接对象，如同没有调试信息一样
     1>libeay32MTd.lib(v3_int.obj) : warning LNK4099: 未找到 PDB“libmtd.pdb”(使用“libeay32MTd.lib(v3_int.obj)”或在“D:\zfc\source\IpcManage\IpcManage\Debug\libmtd.pdb”中寻找)；正在链接对象，如同没有调试信息一样
     1>libeay32MTd.lib(v3_enum.obj) : warning LNK4099: 未找到 PDB“libmtd.pdb”(使用“libeay32MTd.lib(v3_enum.obj)”或在“D:\zfc\source\IpcManage\IpcManage\Debug\libmtd.pdb”中寻找)；正在链接对象，如同没有调试信息一样
     1>libeay32MTd.lib(v3_sxnet.obj) : warning LNK4099: 未找到 PDB“libmtd.pdb”(使用“libeay32MTd.lib(v3_sxnet.obj)”或在“D:\zfc\source\IpcManage\IpcManage\Debug\libmtd.pdb”中寻找)；正在链接对象，如同没有调试信息一样
     1>libeay32MTd.lib(v3_cpols.obj) : warning LNK4099: 未找到 PDB“libmtd.pdb”(使用“libeay32MTd.lib(v3_cpols.obj)”或在“D:\zfc\source\IpcManage\IpcManage\Debug\libmtd.pdb”中寻找)；正在链接对象，如同没有调试信息一样
     1>libeay32MTd.lib(v3_crld.obj) : warning LNK4099: 未找到 PDB“libmtd.pdb”(使用“libeay32MTd.lib(v3_crld.obj)”或在“D:\zfc\source\IpcManage\IpcManage\Debug\libmtd.pdb”中寻找)；正在链接对象，如同没有调试信息一样
     1>libeay32MTd.lib(v3_purp.obj) : warning LNK4099: 未找到 PDB“libmtd.pdb”(使用“libeay32MTd.lib(v3_purp.obj)”或在“D:\zfc\source\IpcManage\IpcManage\Debug\libmtd.pdb”中寻找)；正在链接对象，如同没有调试信息一样
     1>libeay32MTd.lib(v3_info.obj) : warning LNK4099: 未找到 PDB“libmtd.pdb”(使用“libeay32MTd.lib(v3_info.obj)”或在“D:\zfc\source\IpcManage\IpcManage\Debug\libmtd.pdb”中寻找)；正在链接对象，如同没有调试信息一样
     1>libeay32MTd.lib(v3_ocsp.obj) : warning LNK4099: 未找到 PDB“libmtd.pdb”(使用“libeay32MTd.lib(v3_ocsp.obj)”或在“D:\zfc\source\IpcManage\IpcManage\Debug\libmtd.pdb”中寻找)；正在链接对象，如同没有调试信息一样
     1>libeay32MTd.lib(v3_akeya.obj) : warning LNK4099: 未找到 PDB“libmtd.pdb”(使用“libeay32MTd.lib(v3_akeya.obj)”或在“D:\zfc\source\IpcManage\IpcManage\Debug\libmtd.pdb”中寻找)；正在链接对象，如同没有调试信息一样
     1>libeay32MTd.lib(v3_pmaps.obj) : warning LNK4099: 未找到 PDB“libmtd.pdb”(使用“libeay32MTd.lib(v3_pmaps.obj)”或在“D:\zfc\source\IpcManage\IpcManage\Debug\libmtd.pdb”中寻找)；正在链接对象，如同没有调试信息一样
     1>libeay32MTd.lib(v3_pcons.obj) : warning LNK4099: 未找到 PDB“libmtd.pdb”(使用“libeay32MTd.lib(v3_pcons.obj)”或在“D:\zfc\source\IpcManage\IpcManage\Debug\libmtd.pdb”中寻找)；正在链接对象，如同没有调试信息一样
     1>libeay32MTd.lib(v3_ncons.obj) : warning LNK4099: 未找到 PDB“libmtd.pdb”(使用“libeay32MTd.lib(v3_ncons.obj)”或在“D:\zfc\source\IpcManage\IpcManage\Debug\libmtd.pdb”中寻找)；正在链接对象，如同没有调试信息一样
     1>libeay32MTd.lib(v3_pcia.obj) : warning LNK4099: 未找到 PDB“libmtd.pdb”(使用“libeay32MTd.lib(v3_pcia.obj)”或在“D:\zfc\source\IpcManage\IpcManage\Debug\libmtd.pdb”中寻找)；正在链接对象，如同没有调试信息一样
     1>libeay32MTd.lib(v3_pci.obj) : warning LNK4099: 未找到 PDB“libmtd.pdb”(使用“libeay32MTd.lib(v3_pci.obj)”或在“D:\zfc\source\IpcManage\IpcManage\Debug\libmtd.pdb”中寻找)；正在链接对象，如同没有调试信息一样
     1>libeay32MTd.lib(pcy_cache.obj) : warning LNK4099: 未找到 PDB“libmtd.pdb”(使用“libeay32MTd.lib(pcy_cache.obj)”或在“D:\zfc\source\IpcManage\IpcManage\Debug\libmtd.pdb”中寻找)；正在链接对象，如同没有调试信息一样
     1>libeay32MTd.lib(pcy_node.obj) : warning LNK4099: 未找到 PDB“libmtd.pdb”(使用“libeay32MTd.lib(pcy_node.obj)”或在“D:\zfc\source\IpcManage\IpcManage\Debug\libmtd.pdb”中寻找)；正在链接对象，如同没有调试信息一样
     1>libeay32MTd.lib(pcy_data.obj) : warning LNK4099: 未找到 PDB“libmtd.pdb”(使用“libeay32MTd.lib(pcy_data.obj)”或在“D:\zfc\source\IpcManage\IpcManage\Debug\libmtd.pdb”中寻找)；正在链接对象，如同没有调试信息一样
     1>libeay32MTd.lib(pcy_map.obj) : warning LNK4099: 未找到 PDB“libmtd.pdb”(使用“libeay32MTd.lib(pcy_map.obj)”或在“D:\zfc\source\IpcManage\IpcManage\Debug\libmtd.pdb”中寻找)；正在链接对象，如同没有调试信息一样
     1>libeay32MTd.lib(pcy_tree.obj) : warning LNK4099: 未找到 PDB“libmtd.pdb”(使用“libeay32MTd.lib(pcy_tree.obj)”或在“D:\zfc\source\IpcManage\IpcManage\Debug\libmtd.pdb”中寻找)；正在链接对象，如同没有调试信息一样
     1>libeay32MTd.lib(pcy_lib.obj) : warning LNK4099: 未找到 PDB“libmtd.pdb”(使用“libeay32MTd.lib(pcy_lib.obj)”或在“D:\zfc\source\IpcManage\IpcManage\Debug\libmtd.pdb”中寻找)；正在链接对象，如同没有调试信息一样
     1>libeay32MTd.lib(cms_lib.obj) : warning LNK4099: 未找到 PDB“libmtd.pdb”(使用“libeay32MTd.lib(cms_lib.obj)”或在“D:\zfc\source\IpcManage\IpcManage\Debug\libmtd.pdb”中寻找)；正在链接对象，如同没有调试信息一样
     1>libeay32MTd.lib(cms_asn1.obj) : warning LNK4099: 未找到 PDB“libmtd.pdb”(使用“libeay32MTd.lib(cms_asn1.obj)”或在“D:\zfc\source\IpcManage\IpcManage\Debug\libmtd.pdb”中寻找)；正在链接对象，如同没有调试信息一样
     1>libeay32MTd.lib(cms_att.obj) : warning LNK4099: 未找到 PDB“libmtd.pdb”(使用“libeay32MTd.lib(cms_att.obj)”或在“D:\zfc\source\IpcManage\IpcManage\Debug\libmtd.pdb”中寻找)；正在链接对象，如同没有调试信息一样
     1>libeay32MTd.lib(cms_io.obj) : warning LNK4099: 未找到 PDB“libmtd.pdb”(使用“libeay32MTd.lib(cms_io.obj)”或在“D:\zfc\source\IpcManage\IpcManage\Debug\libmtd.pdb”中寻找)；正在链接对象，如同没有调试信息一样
     1>libeay32MTd.lib(cms_err.obj) : warning LNK4099: 未找到 PDB“libmtd.pdb”(使用“libeay32MTd.lib(cms_err.obj)”或在“D:\zfc\source\IpcManage\IpcManage\Debug\libmtd.pdb”中寻找)；正在链接对象，如同没有调试信息一样
     1>libeay32MTd.lib(cms_sd.obj) : warning LNK4099: 未找到 PDB“libmtd.pdb”(使用“libeay32MTd.lib(cms_sd.obj)”或在“D:\zfc\source\IpcManage\IpcManage\Debug\libmtd.pdb”中寻找)；正在链接对象，如同没有调试信息一样
     1>libeay32MTd.lib(cms_dd.obj) : warning LNK4099: 未找到 PDB“libmtd.pdb”(使用“libeay32MTd.lib(cms_dd.obj)”或在“D:\zfc\source\IpcManage\IpcManage\Debug\libmtd.pdb”中寻找)；正在链接对象，如同没有调试信息一样
     1>libeay32MTd.lib(cms_env.obj) : warning LNK4099: 未找到 PDB“libmtd.pdb”(使用“libeay32MTd.lib(cms_env.obj)”或在“D:\zfc\source\IpcManage\IpcManage\Debug\libmtd.pdb”中寻找)；正在链接对象，如同没有调试信息一样
     1>libeay32MTd.lib(cms_enc.obj) : warning LNK4099: 未找到 PDB“libmtd.pdb”(使用“libeay32MTd.lib(cms_enc.obj)”或在“D:\zfc\source\IpcManage\IpcManage\Debug\libmtd.pdb”中寻找)；正在链接对象，如同没有调试信息一样
     1>libeay32MTd.lib(cms_pwri.obj) : warning LNK4099: 未找到 PDB“libmtd.pdb”(使用“libeay32MTd.lib(cms_pwri.obj)”或在“D:\zfc\source\IpcManage\IpcManage\Debug\libmtd.pdb”中寻找)；正在链接对象，如同没有调试信息一样
     1>libeay32MTd.lib(conf_err.obj) : warning LNK4099: 未找到 PDB“libmtd.pdb”(使用“libeay32MTd.lib(conf_err.obj)”或在“D:\zfc\source\IpcManage\IpcManage\Debug\libmtd.pdb”中寻找)；正在链接对象，如同没有调试信息一样
     1>libeay32MTd.lib(conf_lib.obj) : warning LNK4099: 未找到 PDB“libmtd.pdb”(使用“libeay32MTd.lib(conf_lib.obj)”或在“D:\zfc\source\IpcManage\IpcManage\Debug\libmtd.pdb”中寻找)；正在链接对象，如同没有调试信息一样
     1>libeay32MTd.lib(conf_api.obj) : warning LNK4099: 未找到 PDB“libmtd.pdb”(使用“libeay32MTd.lib(conf_api.obj)”或在“D:\zfc\source\IpcManage\IpcManage\Debug\libmtd.pdb”中寻找)；正在链接对象，如同没有调试信息一样
     1>libeay32MTd.lib(conf_def.obj) : warning LNK4099: 未找到 PDB“libmtd.pdb”(使用“libeay32MTd.lib(conf_def.obj)”或在“D:\zfc\source\IpcManage\IpcManage\Debug\libmtd.pdb”中寻找)；正在链接对象，如同没有调试信息一样
     1>libeay32MTd.lib(conf_mod.obj) : warning LNK4099: 未找到 PDB“libmtd.pdb”(使用“libeay32MTd.lib(conf_mod.obj)”或在“D:\zfc\source\IpcManage\IpcManage\Debug\libmtd.pdb”中寻找)；正在链接对象，如同没有调试信息一样
     1>libeay32MTd.lib(txt_db.obj) : warning LNK4099: 未找到 PDB“libmtd.pdb”(使用“libeay32MTd.lib(txt_db.obj)”或在“D:\zfc\source\IpcManage\IpcManage\Debug\libmtd.pdb”中寻找)；正在链接对象，如同没有调试信息一样
     1>libeay32MTd.lib(pk7_asn1.obj) : warning LNK4099: 未找到 PDB“libmtd.pdb”(使用“libeay32MTd.lib(pk7_asn1.obj)”或在“D:\zfc\source\IpcManage\IpcManage\Debug\libmtd.pdb”中寻找)；正在链接对象，如同没有调试信息一样
     1>libeay32MTd.lib(pk7_lib.obj) : warning LNK4099: 未找到 PDB“libmtd.pdb”(使用“libeay32MTd.lib(pk7_lib.obj)”或在“D:\zfc\source\IpcManage\IpcManage\Debug\libmtd.pdb”中寻找)；正在链接对象，如同没有调试信息一样
     1>libeay32MTd.lib(pkcs7err.obj) : warning LNK4099: 未找到 PDB“libmtd.pdb”(使用“libeay32MTd.lib(pkcs7err.obj)”或在“D:\zfc\source\IpcManage\IpcManage\Debug\libmtd.pdb”中寻找)；正在链接对象，如同没有调试信息一样
     1>libeay32MTd.lib(pk7_doit.obj) : warning LNK4099: 未找到 PDB“libmtd.pdb”(使用“libeay32MTd.lib(pk7_doit.obj)”或在“D:\zfc\source\IpcManage\IpcManage\Debug\libmtd.pdb”中寻找)；正在链接对象，如同没有调试信息一样
     1>libeay32MTd.lib(pk7_attr.obj) : warning LNK4099: 未找到 PDB“libmtd.pdb”(使用“libeay32MTd.lib(pk7_attr.obj)”或在“D:\zfc\source\IpcManage\IpcManage\Debug\libmtd.pdb”中寻找)；正在链接对象，如同没有调试信息一样
     1>libeay32MTd.lib(p12_add.obj) : warning LNK4099: 未找到 PDB“libmtd.pdb”(使用“libeay32MTd.lib(p12_add.obj)”或在“D:\zfc\source\IpcManage\IpcManage\Debug\libmtd.pdb”中寻找)；正在链接对象，如同没有调试信息一样
     1>libeay32MTd.lib(p12_asn.obj) : warning LNK4099: 未找到 PDB“libmtd.pdb”(使用“libeay32MTd.lib(p12_asn.obj)”或在“D:\zfc\source\IpcManage\IpcManage\Debug\libmtd.pdb”中寻找)；正在链接对象，如同没有调试信息一样
     1>libeay32MTd.lib(p12_crpt.obj) : warning LNK4099: 未找到 PDB“libmtd.pdb”(使用“libeay32MTd.lib(p12_crpt.obj)”或在“D:\zfc\source\IpcManage\IpcManage\Debug\libmtd.pdb”中寻找)；正在链接对象，如同没有调试信息一样
     1>libeay32MTd.lib(p12_decr.obj) : warning LNK4099: 未找到 PDB“libmtd.pdb”(使用“libeay32MTd.lib(p12_decr.obj)”或在“D:\zfc\source\IpcManage\IpcManage\Debug\libmtd.pdb”中寻找)；正在链接对象，如同没有调试信息一样
     1>libeay32MTd.lib(p12_key.obj) : warning LNK4099: 未找到 PDB“libmtd.pdb”(使用“libeay32MTd.lib(p12_key.obj)”或在“D:\zfc\source\IpcManage\IpcManage\Debug\libmtd.pdb”中寻找)；正在链接对象，如同没有调试信息一样
     1>libeay32MTd.lib(p12_utl.obj) : warning LNK4099: 未找到 PDB“libmtd.pdb”(使用“libeay32MTd.lib(p12_utl.obj)”或在“D:\zfc\source\IpcManage\IpcManage\Debug\libmtd.pdb”中寻找)；正在链接对象，如同没有调试信息一样
     1>libeay32MTd.lib(pk12err.obj) : warning LNK4099: 未找到 PDB“libmtd.pdb”(使用“libeay32MTd.lib(pk12err.obj)”或在“D:\zfc\source\IpcManage\IpcManage\Debug\libmtd.pdb”中寻找)；正在链接对象，如同没有调试信息一样
     1>libeay32MTd.lib(p12_p8d.obj) : warning LNK4099: 未找到 PDB“libmtd.pdb”(使用“libeay32MTd.lib(p12_p8d.obj)”或在“D:\zfc\source\IpcManage\IpcManage\Debug\libmtd.pdb”中寻找)；正在链接对象，如同没有调试信息一样
     1>libeay32MTd.lib(p12_p8e.obj) : warning LNK4099: 未找到 PDB“libmtd.pdb”(使用“libeay32MTd.lib(p12_p8e.obj)”或在“D:\zfc\source\IpcManage\IpcManage\Debug\libmtd.pdb”中寻找)；正在链接对象，如同没有调试信息一样
     1>libeay32MTd.lib(comp_lib.obj) : warning LNK4099: 未找到 PDB“libmtd.pdb”(使用“libeay32MTd.lib(comp_lib.obj)”或在“D:\zfc\source\IpcManage\IpcManage\Debug\libmtd.pdb”中寻找)；正在链接对象，如同没有调试信息一样
     1>libeay32MTd.lib(comp_err.obj) : warning LNK4099: 未找到 PDB“libmtd.pdb”(使用“libeay32MTd.lib(comp_err.obj)”或在“D:\zfc\source\IpcManage\IpcManage\Debug\libmtd.pdb”中寻找)；正在链接对象，如同没有调试信息一样
     1>libeay32MTd.lib(c_zlib.obj) : warning LNK4099: 未找到 PDB“libmtd.pdb”(使用“libeay32MTd.lib(c_zlib.obj)”或在“D:\zfc\source\IpcManage\IpcManage\Debug\libmtd.pdb”中寻找)；正在链接对象，如同没有调试信息一样
     1>libeay32MTd.lib(eng_err.obj) : warning LNK4099: 未找到 PDB“libmtd.pdb”(使用“libeay32MTd.lib(eng_err.obj)”或在“D:\zfc\source\IpcManage\IpcManage\Debug\libmtd.pdb”中寻找)；正在链接对象，如同没有调试信息一样
     1>libeay32MTd.lib(eng_lib.obj) : warning LNK4099: 未找到 PDB“libmtd.pdb”(使用“libeay32MTd.lib(eng_lib.obj)”或在“D:\zfc\source\IpcManage\IpcManage\Debug\libmtd.pdb”中寻找)；正在链接对象，如同没有调试信息一样
     1>libeay32MTd.lib(eng_list.obj) : warning LNK4099: 未找到 PDB“libmtd.pdb”(使用“libeay32MTd.lib(eng_list.obj)”或在“D:\zfc\source\IpcManage\IpcManage\Debug\libmtd.pdb”中寻找)；正在链接对象，如同没有调试信息一样
     1>libeay32MTd.lib(eng_init.obj) : warning LNK4099: 未找到 PDB“libmtd.pdb”(使用“libeay32MTd.lib(eng_init.obj)”或在“D:\zfc\source\IpcManage\IpcManage\Debug\libmtd.pdb”中寻找)；正在链接对象，如同没有调试信息一样
     1>libeay32MTd.lib(eng_ctrl.obj) : warning LNK4099: 未找到 PDB“libmtd.pdb”(使用“libeay32MTd.lib(eng_ctrl.obj)”或在“D:\zfc\source\IpcManage\IpcManage\Debug\libmtd.pdb”中寻找)；正在链接对象，如同没有调试信息一样
     1>libeay32MTd.lib(eng_table.obj) : warning LNK4099: 未找到 PDB“libmtd.pdb”(使用“libeay32MTd.lib(eng_table.obj)”或在“D:\zfc\source\IpcManage\IpcManage\Debug\libmtd.pdb”中寻找)；正在链接对象，如同没有调试信息一样
     1>libeay32MTd.lib(eng_pkey.obj) : warning LNK4099: 未找到 PDB“libmtd.pdb”(使用“libeay32MTd.lib(eng_pkey.obj)”或在“D:\zfc\source\IpcManage\IpcManage\Debug\libmtd.pdb”中寻找)；正在链接对象，如同没有调试信息一样
     1>libeay32MTd.lib(tb_rsa.obj) : warning LNK4099: 未找到 PDB“libmtd.pdb”(使用“libeay32MTd.lib(tb_rsa.obj)”或在“D:\zfc\source\IpcManage\IpcManage\Debug\libmtd.pdb”中寻找)；正在链接对象，如同没有调试信息一样
     1>libeay32MTd.lib(tb_dsa.obj) : warning LNK4099: 未找到 PDB“libmtd.pdb”(使用“libeay32MTd.lib(tb_dsa.obj)”或在“D:\zfc\source\IpcManage\IpcManage\Debug\libmtd.pdb”中寻找)；正在链接对象，如同没有调试信息一样
     1>libeay32MTd.lib(tb_ecdsa.obj) : warning LNK4099: 未找到 PDB“libmtd.pdb”(使用“libeay32MTd.lib(tb_ecdsa.obj)”或在“D:\zfc\source\IpcManage\IpcManage\Debug\libmtd.pdb”中寻找)；正在链接对象，如同没有调试信息一样
     1>libeay32MTd.lib(tb_dh.obj) : warning LNK4099: 未找到 PDB“libmtd.pdb”(使用“libeay32MTd.lib(tb_dh.obj)”或在“D:\zfc\source\IpcManage\IpcManage\Debug\libmtd.pdb”中寻找)；正在链接对象，如同没有调试信息一样
     1>libeay32MTd.lib(tb_ecdh.obj) : warning LNK4099: 未找到 PDB“libmtd.pdb”(使用“libeay32MTd.lib(tb_ecdh.obj)”或在“D:\zfc\source\IpcManage\IpcManage\Debug\libmtd.pdb”中寻找)；正在链接对象，如同没有调试信息一样
     1>libeay32MTd.lib(tb_rand.obj) : warning LNK4099: 未找到 PDB“libmtd.pdb”(使用“libeay32MTd.lib(tb_rand.obj)”或在“D:\zfc\source\IpcManage\IpcManage\Debug\libmtd.pdb”中寻找)；正在链接对象，如同没有调试信息一样
     1>libeay32MTd.lib(tb_cipher.obj) : warning LNK4099: 未找到 PDB“libmtd.pdb”(使用“libeay32MTd.lib(tb_cipher.obj)”或在“D:\zfc\source\IpcManage\IpcManage\Debug\libmtd.pdb”中寻找)；正在链接对象，如同没有调试信息一样
     1>libeay32MTd.lib(tb_digest.obj) : warning LNK4099: 未找到 PDB“libmtd.pdb”(使用“libeay32MTd.lib(tb_digest.obj)”或在“D:\zfc\source\IpcManage\IpcManage\Debug\libmtd.pdb”中寻找)；正在链接对象，如同没有调试信息一样
     1>libeay32MTd.lib(tb_pkmeth.obj) : warning LNK4099: 未找到 PDB“libmtd.pdb”(使用“libeay32MTd.lib(tb_pkmeth.obj)”或在“D:\zfc\source\IpcManage\IpcManage\Debug\libmtd.pdb”中寻找)；正在链接对象，如同没有调试信息一样
     1>libeay32MTd.lib(tb_asnmth.obj) : warning LNK4099: 未找到 PDB“libmtd.pdb”(使用“libeay32MTd.lib(tb_asnmth.obj)”或在“D:\zfc\source\IpcManage\IpcManage\Debug\libmtd.pdb”中寻找)；正在链接对象，如同没有调试信息一样
     1>libeay32MTd.lib(ocsp_asn.obj) : warning LNK4099: 未找到 PDB“libmtd.pdb”(使用“libeay32MTd.lib(ocsp_asn.obj)”或在“D:\zfc\source\IpcManage\IpcManage\Debug\libmtd.pdb”中寻找)；正在链接对象，如同没有调试信息一样
     1>libeay32MTd.lib(ocsp_err.obj) : warning LNK4099: 未找到 PDB“libmtd.pdb”(使用“libeay32MTd.lib(ocsp_err.obj)”或在“D:\zfc\source\IpcManage\IpcManage\Debug\libmtd.pdb”中寻找)；正在链接对象，如同没有调试信息一样
     1>libeay32MTd.lib(ui_err.obj) : warning LNK4099: 未找到 PDB“libmtd.pdb”(使用“libeay32MTd.lib(ui_err.obj)”或在“D:\zfc\source\IpcManage\IpcManage\Debug\libmtd.pdb”中寻找)；正在链接对象，如同没有调试信息一样
     1>libeay32MTd.lib(ui_lib.obj) : warning LNK4099: 未找到 PDB“libmtd.pdb”(使用“libeay32MTd.lib(ui_lib.obj)”或在“D:\zfc\source\IpcManage\IpcManage\Debug\libmtd.pdb”中寻找)；正在链接对象，如同没有调试信息一样
     1>libeay32MTd.lib(ui_openssl.obj) : warning LNK4099: 未找到 PDB“libmtd.pdb”(使用“libeay32MTd.lib(ui_openssl.obj)”或在“D:\zfc\source\IpcManage\IpcManage\Debug\libmtd.pdb”中寻找)；正在链接对象，如同没有调试信息一样
     1>libeay32MTd.lib(pqueue.obj) : warning LNK4099: 未找到 PDB“libmtd.pdb”(使用“libeay32MTd.lib(pqueue.obj)”或在“D:\zfc\source\IpcManage\IpcManage\Debug\libmtd.pdb”中寻找)；正在链接对象，如同没有调试信息一样
     1>libeay32MTd.lib(ts_err.obj) : warning LNK4099: 未找到 PDB“libmtd.pdb”(使用“libeay32MTd.lib(ts_err.obj)”或在“D:\zfc\source\IpcManage\IpcManage\Debug\libmtd.pdb”中寻找)；正在链接对象，如同没有调试信息一样
     1>libeay32MTd.lib(srp_lib.obj) : warning LNK4099: 未找到 PDB“libmtd.pdb”(使用“libeay32MTd.lib(srp_lib.obj)”或在“D:\zfc\source\IpcManage\IpcManage\Debug\libmtd.pdb”中寻找)；正在链接对象，如同没有调试信息一样
     1>libeay32MTd.lib(srp_vfy.obj) : warning LNK4099: 未找到 PDB“libmtd.pdb”(使用“libeay32MTd.lib(srp_vfy.obj)”或在“D:\zfc\source\IpcManage\IpcManage\Debug\libmtd.pdb”中寻找)；正在链接对象，如同没有调试信息一样
     1>ssleay32MTd.lib(s2_meth.obj) : warning LNK4099: 未找到 PDB“libmtd.pdb”(使用“ssleay32MTd.lib(s2_meth.obj)”或在“D:\zfc\source\IpcManage\IpcManage\Debug\libmtd.pdb”中寻找)；正在链接对象，如同没有调试信息一样
     1>ssleay32MTd.lib(s2_srvr.obj) : warning LNK4099: 未找到 PDB“libmtd.pdb”(使用“ssleay32MTd.lib(s2_srvr.obj)”或在“D:\zfc\source\IpcManage\IpcManage\Debug\libmtd.pdb”中寻找)；正在链接对象，如同没有调试信息一样
     1>ssleay32MTd.lib(s2_clnt.obj) : warning LNK4099: 未找到 PDB“libmtd.pdb”(使用“ssleay32MTd.lib(s2_clnt.obj)”或在“D:\zfc\source\IpcManage\IpcManage\Debug\libmtd.pdb”中寻找)；正在链接对象，如同没有调试信息一样
     1>ssleay32MTd.lib(s2_lib.obj) : warning LNK4099: 未找到 PDB“libmtd.pdb”(使用“ssleay32MTd.lib(s2_lib.obj)”或在“D:\zfc\source\IpcManage\IpcManage\Debug\libmtd.pdb”中寻找)；正在链接对象，如同没有调试信息一样
     1>ssleay32MTd.lib(s2_enc.obj) : warning LNK4099: 未找到 PDB“libmtd.pdb”(使用“ssleay32MTd.lib(s2_enc.obj)”或在“D:\zfc\source\IpcManage\IpcManage\Debug\libmtd.pdb”中寻找)；正在链接对象，如同没有调试信息一样
     1>ssleay32MTd.lib(s2_pkt.obj) : warning LNK4099: 未找到 PDB“libmtd.pdb”(使用“ssleay32MTd.lib(s2_pkt.obj)”或在“D:\zfc\source\IpcManage\IpcManage\Debug\libmtd.pdb”中寻找)；正在链接对象，如同没有调试信息一样
     1>ssleay32MTd.lib(s3_meth.obj) : warning LNK4099: 未找到 PDB“libmtd.pdb”(使用“ssleay32MTd.lib(s3_meth.obj)”或在“D:\zfc\source\IpcManage\IpcManage\Debug\libmtd.pdb”中寻找)；正在链接对象，如同没有调试信息一样
     1>ssleay32MTd.lib(s3_srvr.obj) : warning LNK4099: 未找到 PDB“libmtd.pdb”(使用“ssleay32MTd.lib(s3_srvr.obj)”或在“D:\zfc\source\IpcManage\IpcManage\Debug\libmtd.pdb”中寻找)；正在链接对象，如同没有调试信息一样
     1>ssleay32MTd.lib(s3_clnt.obj) : warning LNK4099: 未找到 PDB“libmtd.pdb”(使用“ssleay32MTd.lib(s3_clnt.obj)”或在“D:\zfc\source\IpcManage\IpcManage\Debug\libmtd.pdb”中寻找)；正在链接对象，如同没有调试信息一样
     1>ssleay32MTd.lib(s3_lib.obj) : warning LNK4099: 未找到 PDB“libmtd.pdb”(使用“ssleay32MTd.lib(s3_lib.obj)”或在“D:\zfc\source\IpcManage\IpcManage\Debug\libmtd.pdb”中寻找)；正在链接对象，如同没有调试信息一样
     1>ssleay32MTd.lib(s3_enc.obj) : warning LNK4099: 未找到 PDB“libmtd.pdb”(使用“ssleay32MTd.lib(s3_enc.obj)”或在“D:\zfc\source\IpcManage\IpcManage\Debug\libmtd.pdb”中寻找)；正在链接对象，如同没有调试信息一样
     1>ssleay32MTd.lib(s3_pkt.obj) : warning LNK4099: 未找到 PDB“libmtd.pdb”(使用“ssleay32MTd.lib(s3_pkt.obj)”或在“D:\zfc\source\IpcManage\IpcManage\Debug\libmtd.pdb”中寻找)；正在链接对象，如同没有调试信息一样
     1>ssleay32MTd.lib(s3_both.obj) : warning LNK4099: 未找到 PDB“libmtd.pdb”(使用“ssleay32MTd.lib(s3_both.obj)”或在“D:\zfc\source\IpcManage\IpcManage\Debug\libmtd.pdb”中寻找)；正在链接对象，如同没有调试信息一样
     1>ssleay32MTd.lib(s3_cbc.obj) : warning LNK4099: 未找到 PDB“libmtd.pdb”(使用“ssleay32MTd.lib(s3_cbc.obj)”或在“D:\zfc\source\IpcManage\IpcManage\Debug\libmtd.pdb”中寻找)；正在链接对象，如同没有调试信息一样
     1>ssleay32MTd.lib(s23_meth.obj) : warning LNK4099: 未找到 PDB“libmtd.pdb”(使用“ssleay32MTd.lib(s23_meth.obj)”或在“D:\zfc\source\IpcManage\IpcManage\Debug\libmtd.pdb”中寻找)；正在链接对象，如同没有调试信息一样
     1>ssleay32MTd.lib(s23_srvr.obj) : warning LNK4099: 未找到 PDB“libmtd.pdb”(使用“ssleay32MTd.lib(s23_srvr.obj)”或在“D:\zfc\source\IpcManage\IpcManage\Debug\libmtd.pdb”中寻找)；正在链接对象，如同没有调试信息一样
     1>ssleay32MTd.lib(s23_clnt.obj) : warning LNK4099: 未找到 PDB“libmtd.pdb”(使用“ssleay32MTd.lib(s23_clnt.obj)”或在“D:\zfc\source\IpcManage\IpcManage\Debug\libmtd.pdb”中寻找)；正在链接对象，如同没有调试信息一样
     1>ssleay32MTd.lib(s23_lib.obj) : warning LNK4099: 未找到 PDB“libmtd.pdb”(使用“ssleay32MTd.lib(s23_lib.obj)”或在“D:\zfc\source\IpcManage\IpcManage\Debug\libmtd.pdb”中寻找)；正在链接对象，如同没有调试信息一样
     1>ssleay32MTd.lib(s23_pkt.obj) : warning LNK4099: 未找到 PDB“libmtd.pdb”(使用“ssleay32MTd.lib(s23_pkt.obj)”或在“D:\zfc\source\IpcManage\IpcManage\Debug\libmtd.pdb”中寻找)；正在链接对象，如同没有调试信息一样
     1>ssleay32MTd.lib(t1_meth.obj) : warning LNK4099: 未找到 PDB“libmtd.pdb”(使用“ssleay32MTd.lib(t1_meth.obj)”或在“D:\zfc\source\IpcManage\IpcManage\Debug\libmtd.pdb”中寻找)；正在链接对象，如同没有调试信息一样
     1>ssleay32MTd.lib(t1_srvr.obj) : warning LNK4099: 未找到 PDB“libmtd.pdb”(使用“ssleay32MTd.lib(t1_srvr.obj)”或在“D:\zfc\source\IpcManage\IpcManage\Debug\libmtd.pdb”中寻找)；正在链接对象，如同没有调试信息一样
     1>ssleay32MTd.lib(t1_clnt.obj) : warning LNK4099: 未找到 PDB“libmtd.pdb”(使用“ssleay32MTd.lib(t1_clnt.obj)”或在“D:\zfc\source\IpcManage\IpcManage\Debug\libmtd.pdb”中寻找)；正在链接对象，如同没有调试信息一样
     1>ssleay32MTd.lib(t1_lib.obj) : warning LNK4099: 未找到 PDB“libmtd.pdb”(使用“ssleay32MTd.lib(t1_lib.obj)”或在“D:\zfc\source\IpcManage\IpcManage\Debug\libmtd.pdb”中寻找)；正在链接对象，如同没有调试信息一样
     1>ssleay32MTd.lib(t1_enc.obj) : warning LNK4099: 未找到 PDB“libmtd.pdb”(使用“ssleay32MTd.lib(t1_enc.obj)”或在“D:\zfc\source\IpcManage\IpcManage\Debug\libmtd.pdb”中寻找)；正在链接对象，如同没有调试信息一样
     1>ssleay32MTd.lib(d1_lib.obj) : warning LNK4099: 未找到 PDB“libmtd.pdb”(使用“ssleay32MTd.lib(d1_lib.obj)”或在“D:\zfc\source\IpcManage\IpcManage\Debug\libmtd.pdb”中寻找)；正在链接对象，如同没有调试信息一样
     1>ssleay32MTd.lib(d1_pkt.obj) : warning LNK4099: 未找到 PDB“libmtd.pdb”(使用“ssleay32MTd.lib(d1_pkt.obj)”或在“D:\zfc\source\IpcManage\IpcManage\Debug\libmtd.pdb”中寻找)；正在链接对象，如同没有调试信息一样
     1>ssleay32MTd.lib(d1_both.obj) : warning LNK4099: 未找到 PDB“libmtd.pdb”(使用“ssleay32MTd.lib(d1_both.obj)”或在“D:\zfc\source\IpcManage\IpcManage\Debug\libmtd.pdb”中寻找)；正在链接对象，如同没有调试信息一样
     1>ssleay32MTd.lib(d1_enc.obj) : warning LNK4099: 未找到 PDB“libmtd.pdb”(使用“ssleay32MTd.lib(d1_enc.obj)”或在“D:\zfc\source\IpcManage\IpcManage\Debug\libmtd.pdb”中寻找)；正在链接对象，如同没有调试信息一样
     1>ssleay32MTd.lib(d1_srtp.obj) : warning LNK4099: 未找到 PDB“libmtd.pdb”(使用“ssleay32MTd.lib(d1_srtp.obj)”或在“D:\zfc\source\IpcManage\IpcManage\Debug\libmtd.pdb”中寻找)；正在链接对象，如同没有调试信息一样
     1>ssleay32MTd.lib(ssl_lib.obj) : warning LNK4099: 未找到 PDB“libmtd.pdb”(使用“ssleay32MTd.lib(ssl_lib.obj)”或在“D:\zfc\source\IpcManage\IpcManage\Debug\libmtd.pdb”中寻找)；正在链接对象，如同没有调试信息一样
     1>ssleay32MTd.lib(ssl_err2.obj) : warning LNK4099: 未找到 PDB“libmtd.pdb”(使用“ssleay32MTd.lib(ssl_err2.obj)”或在“D:\zfc\source\IpcManage\IpcManage\Debug\libmtd.pdb”中寻找)；正在链接对象，如同没有调试信息一样
     1>ssleay32MTd.lib(ssl_cert.obj) : warning LNK4099: 未找到 PDB“libmtd.pdb”(使用“ssleay32MTd.lib(ssl_cert.obj)”或在“D:\zfc\source\IpcManage\IpcManage\Debug\libmtd.pdb”中寻找)；正在链接对象，如同没有调试信息一样
     1>ssleay32MTd.lib(ssl_sess.obj) : warning LNK4099: 未找到 PDB“libmtd.pdb”(使用“ssleay32MTd.lib(ssl_sess.obj)”或在“D:\zfc\source\IpcManage\IpcManage\Debug\libmtd.pdb”中寻找)；正在链接对象，如同没有调试信息一样
     1>ssleay32MTd.lib(ssl_ciph.obj) : warning LNK4099: 未找到 PDB“libmtd.pdb”(使用“ssleay32MTd.lib(ssl_ciph.obj)”或在“D:\zfc\source\IpcManage\IpcManage\Debug\libmtd.pdb”中寻找)；正在链接对象，如同没有调试信息一样
     1>ssleay32MTd.lib(ssl_rsa.obj) : warning LNK4099: 未找到 PDB“libmtd.pdb”(使用“ssleay32MTd.lib(ssl_rsa.obj)”或在“D:\zfc\source\IpcManage\IpcManage\Debug\libmtd.pdb”中寻找)；正在链接对象，如同没有调试信息一样
     1>ssleay32MTd.lib(ssl_asn1.obj) : warning LNK4099: 未找到 PDB“libmtd.pdb”(使用“ssleay32MTd.lib(ssl_asn1.obj)”或在“D:\zfc\source\IpcManage\IpcManage\Debug\libmtd.pdb”中寻找)；正在链接对象，如同没有调试信息一样
     1>ssleay32MTd.lib(ssl_algs.obj) : warning LNK4099: 未找到 PDB“libmtd.pdb”(使用“ssleay32MTd.lib(ssl_algs.obj)”或在“D:\zfc\source\IpcManage\IpcManage\Debug\libmtd.pdb”中寻找)；正在链接对象，如同没有调试信息一样
     1>ssleay32MTd.lib(ssl_err.obj) : warning LNK4099: 未找到 PDB“libmtd.pdb”(使用“ssleay32MTd.lib(ssl_err.obj)”或在“D:\zfc\source\IpcManage\IpcManage\Debug\libmtd.pdb”中寻找)；正在链接对象，如同没有调试信息一样
     1>ssleay32MTd.lib(tls_srp.obj) : warning LNK4099: 未找到 PDB“libmtd.pdb”(使用“ssleay32MTd.lib(tls_srp.obj)”或在“D:\zfc\source\IpcManage\IpcManage\Debug\libmtd.pdb”中寻找)；正在链接对象，如同没有调试信息一样
     1>ssleay32MTd.lib(t1_reneg.obj) : warning LNK4099: 未找到 PDB“libmtd.pdb”(使用“ssleay32MTd.lib(t1_reneg.obj)”或在“D:\zfc\source\IpcManage\IpcManage\Debug\libmtd.pdb”中寻找)；正在链接对象，如同没有调试信息一样
         IpcManage.vcxproj -> D:\zfc\source\IpcManage\IpcManage\Debug\IpcManage.exe
       Manifest:
         C:\Program Files\Microsoft SDKs\Windows\v7.0A\bin\mt.exe /nologo /verbose /outputresource:"D:\zfc\source\IpcManage\IpcManage\Debug\IpcManage.exe;#1" /manifest Debug\IpcManage.exe.intermediate.manifest
       FinalizeBuildStatus:
         正在删除文件“Debug\IpcManage.unsuccessfulbuild”。
         正在对“Debug\IpcManage.lastbuildstate”执行 Touch 任务。
     1>已完成生成项目“D:\zfc\source\IpcManage\IpcManage\IpcManage\IpcManage.vcxproj”(build 个目标)的操作。

生成成功。

已用时间 00:00:15.41
